SF:/home/noah/src/batuta/src/analyzer.rs
FN:138,_RNvNtCs2Yt0WxJROpx_6batuta8analyzer10is_ignored
FN:132,_RNvNtCs2Yt0WxJROpx_6batuta8analyzer11count_lines
FN:31,_RNvNtCs2Yt0WxJROpx_6batuta8analyzer15analyze_project
FN:71,_RNvNtCs2Yt0WxJROpx_6batuta8analyzer16detect_languages
FN:235,_RNvNtCs2Yt0WxJROpx_6batuta8analyzer17check_poetry_deps
FN:253,_RNvNtCs2Yt0WxJROpx_6batuta8analyzer18count_dependencies
FN:302,_RNvNtCs2Yt0WxJROpx_6batuta8analyzer19calculate_tdg_score
FN:165,_RNvNtCs2Yt0WxJROpx_6batuta8analyzer19detect_dependencies
FN:216,_RNvNtCs2Yt0WxJROpx_6batuta8analyzer21check_dependency_file
FN:114,_RNvNtCs2Yt0WxJROpx_6batuta8analyzer25detect_language_from_path
FN:155,_RNCNvNtCs2Yt0WxJROpx_6batuta8analyzer10is_ignored0B5_
FN:134,_RNCNvNtCs2Yt0WxJROpx_6batuta8analyzer11count_lines0B5_
FN:77,_RNCNvNtCs2Yt0WxJROpx_6batuta8analyzer16detect_languages0B5_
FN:97,_RNCNvNtCs2Yt0WxJROpx_6batuta8analyzer16detect_languagess0_0B5_
FN:108,_RNCNvNtCs2Yt0WxJROpx_6batuta8analyzer16detect_languagess1_0B5_
FN:262,_RNCNvNtCs2Yt0WxJROpx_6batuta8analyzer18count_dependencies0B5_
FN:291,_RNCNvNtCs2Yt0WxJROpx_6batuta8analyzer18count_dependenciess0_0B5_
FN:292,_RNCNvNtCs2Yt0WxJROpx_6batuta8analyzer18count_dependenciess1_0B5_
FN:292,_RNCNvNtCs2Yt0WxJROpx_6batuta8analyzer18count_dependenciess2_0B5_
FN:290,_RNCNvNtCs2Yt0WxJROpx_6batuta8analyzer18count_dependenciess_0B5_
FN:155,_RNCNvNtCsjH0PaGjVXp8_6batuta8analyzer10is_ignored0B5_
FN:134,_RNCNvNtCsjH0PaGjVXp8_6batuta8analyzer11count_lines0B5_
FN:77,_RNCNvNtCsjH0PaGjVXp8_6batuta8analyzer16detect_languages0B5_
FN:97,_RNCNvNtCsjH0PaGjVXp8_6batuta8analyzer16detect_languagess0_0B5_
FN:108,_RNCNvNtCsjH0PaGjVXp8_6batuta8analyzer16detect_languagess1_0B5_
FN:262,_RNCNvNtCsjH0PaGjVXp8_6batuta8analyzer18count_dependencies0B5_
FN:291,_RNCNvNtCsjH0PaGjVXp8_6batuta8analyzer18count_dependenciess0_0B5_
FN:292,_RNCNvNtCsjH0PaGjVXp8_6batuta8analyzer18count_dependenciess1_0B5_
FN:292,_RNCNvNtCsjH0PaGjVXp8_6batuta8analyzer18count_dependenciess2_0B5_
FN:290,_RNCNvNtCsjH0PaGjVXp8_6batuta8analyzer18count_dependenciess_0B5_
FN:138,_RNvNtCsjH0PaGjVXp8_6batuta8analyzer10is_ignored
FN:132,_RNvNtCsjH0PaGjVXp8_6batuta8analyzer11count_lines
FN:31,_RNvNtCsjH0PaGjVXp8_6batuta8analyzer15analyze_project
FN:71,_RNvNtCsjH0PaGjVXp8_6batuta8analyzer16detect_languages
FN:235,_RNvNtCsjH0PaGjVXp8_6batuta8analyzer17check_poetry_deps
FN:253,_RNvNtCsjH0PaGjVXp8_6batuta8analyzer18count_dependencies
FN:302,_RNvNtCsjH0PaGjVXp8_6batuta8analyzer19calculate_tdg_score
FN:165,_RNvNtCsjH0PaGjVXp8_6batuta8analyzer19detect_dependencies
FN:216,_RNvNtCsjH0PaGjVXp8_6batuta8analyzer21check_dependency_file
FN:114,_RNvNtCsjH0PaGjVXp8_6batuta8analyzer25detect_language_from_path
FN:537,_RNvNtNtCsjH0PaGjVXp8_6batuta8analyzer5testss_19test_is_ignored_git
FN:573,_RNvNtNtCsjH0PaGjVXp8_6batuta8analyzer5testss_19test_is_not_ignored
FN:561,_RNvNtNtCsjH0PaGjVXp8_6batuta8analyzer5testss_20test_is_ignored_venv
FN:549,_RNvNtNtCsjH0PaGjVXp8_6batuta8analyzer5testss_22test_is_ignored_target
FN:486,_RNvNtNtCsjH0PaGjVXp8_6batuta8analyzer5testss_23test_count_lines_simple
FN:555,_RNvNtNtCsjH0PaGjVXp8_6batuta8analyzer5testss_23test_is_ignored_pycache
FN:777,_RNvNtNtCsjH0PaGjVXp8_6batuta8analyzer5testss_26test_analyze_project_basic
FN:686,_RNvNtNtCsjH0PaGjVXp8_6batuta8analyzer5testss_27test_count_dependencies_pip
FN:507,_RNvNtNtCsjH0PaGjVXp8_6batuta8analyzer5testss_27test_count_lines_empty_file
FN:567,_RNvNtNtCsjH0PaGjVXp8_6batuta8analyzer5testss_27test_is_ignored_ide_folders
FN:543,_RNvNtNtCsjH0PaGjVXp8_6batuta8analyzer5testss_28test_is_ignored_node_modules
FN:698,_RNvNtNtCsjH0PaGjVXp8_6batuta8analyzer5testss_29test_count_dependencies_cargo
FN:673,_RNvNtNtCsjH0PaGjVXp8_6batuta8analyzer5testss_29test_detect_dependencies_none
FN:651,_RNvNtNtCsjH0PaGjVXp8_6batuta8analyzer5testss_31test_detect_dependencies_go_mod
FN:517,_RNvNtNtCsjH0PaGjVXp8_6batuta8analyzer5testss_32test_count_lines_whitespace_only
FN:362,_RNvNtNtCsjH0PaGjVXp8_6batuta8analyzer5testss_32test_detect_language_from_path_c
FN:527,_RNvNtNtCsjH0PaGjVXp8_6batuta8analyzer5testss_33test_count_lines_nonexistent_file
FN:496,_RNvNtNtCsjH0PaGjVXp8_6batuta8analyzer5testss_33test_count_lines_with_empty_lines
FN:662,_RNvNtNtCsjH0PaGjVXp8_6batuta8analyzer5testss_33test_detect_dependencies_multiple
FN:458,_RNvNtNtCsjH0PaGjVXp8_6batuta8analyzer5testss_33test_detect_language_from_path_go
FN:745,_RNvNtNtCsjH0PaGjVXp8_6batuta8analyzer5testss_34test_count_dependencies_npm_no_dev
FN:374,_RNvNtNtCsjH0PaGjVXp8_6batuta8analyzer5testss_34test_detect_language_from_path_cpp
FN:621,_RNvNtNtCsjH0PaGjVXp8_6batuta8analyzer5testss_35test_detect_dependencies_rust_cargo
FN:466,_RNvNtNtCsjH0PaGjVXp8_6batuta8analyzer5testss_35test_detect_language_from_path_java
FN:402,_RNvNtNtCsjH0PaGjVXp8_6batuta8analyzer5testss_35test_detect_language_from_path_rust
FN:842,_RNvNtNtCsjH0PaGjVXp8_6batuta8analyzer5testss_36test_analyze_project_empty_directory
FN:809,_RNvNtNtCsjH0PaGjVXp8_6batuta8analyzer5testss_36test_analyze_project_mixed_languages
FN:722,_RNvNtNtCsjH0PaGjVXp8_6batuta8analyzer5testss_36test_count_dependencies_npm_with_dev
FN:414,_RNvNtNtCsjH0PaGjVXp8_6batuta8analyzer5testss_36test_detect_language_from_path_shell
FN:346,_RNvNtNtCsjH0PaGjVXp8_6batuta8analyzer5testss_37test_detect_language_from_path_python
FN:795,_RNvNtNtCsjH0PaGjVXp8_6batuta8analyzer5testss_38test_analyze_project_with_dependencies
FN:607,_RNvNtNtCsjH0PaGjVXp8_6batuta8analyzer5testss_38test_detect_dependencies_python_poetry
FN:474,_RNvNtNtCsjH0PaGjVXp8_6batuta8analyzer5testss_38test_detect_language_from_path_unknown
FN:636,_RNvNtNtCsjH0PaGjVXp8_6batuta8analyzer5testss_39test_detect_dependencies_javascript_npm
FN:596,_RNvNtNtCsjH0PaGjVXp8_6batuta8analyzer5testss_39test_detect_dependencies_python_pipfile
FN:824,_RNvNtNtCsjH0PaGjVXp8_6batuta8analyzer5testss_40test_analyze_project_ignores_directories
FN:430,_RNvNtNtCsjH0PaGjVXp8_6batuta8analyzer5testss_41test_detect_language_from_path_javascript
FN:446,_RNvNtNtCsjH0PaGjVXp8_6batuta8analyzer5testss_41test_detect_language_from_path_typescript
FN:760,_RNvNtNtCsjH0PaGjVXp8_6batuta8analyzer5testss_43test_count_dependencies_unsupported_manager
FN:584,_RNvNtNtCsjH0PaGjVXp8_6batuta8analyzer5testss_44test_detect_dependencies_python_requirements
FN:537,_RNvNtNtCshEp7d2sUZm6_6batuta8analyzer5testss_19test_is_ignored_git
FN:573,_RNvNtNtCshEp7d2sUZm6_6batuta8analyzer5testss_19test_is_not_ignored
FN:561,_RNvNtNtCshEp7d2sUZm6_6batuta8analyzer5testss_20test_is_ignored_venv
FN:549,_RNvNtNtCshEp7d2sUZm6_6batuta8analyzer5testss_22test_is_ignored_target
FN:486,_RNvNtNtCshEp7d2sUZm6_6batuta8analyzer5testss_23test_count_lines_simple
FN:555,_RNvNtNtCshEp7d2sUZm6_6batuta8analyzer5testss_23test_is_ignored_pycache
FN:777,_RNvNtNtCshEp7d2sUZm6_6batuta8analyzer5testss_26test_analyze_project_basic
FN:686,_RNvNtNtCshEp7d2sUZm6_6batuta8analyzer5testss_27test_count_dependencies_pip
FN:507,_RNvNtNtCshEp7d2sUZm6_6batuta8analyzer5testss_27test_count_lines_empty_file
FN:567,_RNvNtNtCshEp7d2sUZm6_6batuta8analyzer5testss_27test_is_ignored_ide_folders
FN:543,_RNvNtNtCshEp7d2sUZm6_6batuta8analyzer5testss_28test_is_ignored_node_modules
FN:698,_RNvNtNtCshEp7d2sUZm6_6batuta8analyzer5testss_29test_count_dependencies_cargo
FN:673,_RNvNtNtCshEp7d2sUZm6_6batuta8analyzer5testss_29test_detect_dependencies_none
FN:651,_RNvNtNtCshEp7d2sUZm6_6batuta8analyzer5testss_31test_detect_dependencies_go_mod
FN:517,_RNvNtNtCshEp7d2sUZm6_6batuta8analyzer5testss_32test_count_lines_whitespace_only
FN:362,_RNvNtNtCshEp7d2sUZm6_6batuta8analyzer5testss_32test_detect_language_from_path_c
FN:527,_RNvNtNtCshEp7d2sUZm6_6batuta8analyzer5testss_33test_count_lines_nonexistent_file
FN:496,_RNvNtNtCshEp7d2sUZm6_6batuta8analyzer5testss_33test_count_lines_with_empty_lines
FN:662,_RNvNtNtCshEp7d2sUZm6_6batuta8analyzer5testss_33test_detect_dependencies_multiple
FN:458,_RNvNtNtCshEp7d2sUZm6_6batuta8analyzer5testss_33test_detect_language_from_path_go
FN:745,_RNvNtNtCshEp7d2sUZm6_6batuta8analyzer5testss_34test_count_dependencies_npm_no_dev
FN:374,_RNvNtNtCshEp7d2sUZm6_6batuta8analyzer5testss_34test_detect_language_from_path_cpp
FN:621,_RNvNtNtCshEp7d2sUZm6_6batuta8analyzer5testss_35test_detect_dependencies_rust_cargo
FN:466,_RNvNtNtCshEp7d2sUZm6_6batuta8analyzer5testss_35test_detect_language_from_path_java
FN:402,_RNvNtNtCshEp7d2sUZm6_6batuta8analyzer5testss_35test_detect_language_from_path_rust
FN:842,_RNvNtNtCshEp7d2sUZm6_6batuta8analyzer5testss_36test_analyze_project_empty_directory
FN:809,_RNvNtNtCshEp7d2sUZm6_6batuta8analyzer5testss_36test_analyze_project_mixed_languages
FN:722,_RNvNtNtCshEp7d2sUZm6_6batuta8analyzer5testss_36test_count_dependencies_npm_with_dev
FN:414,_RNvNtNtCshEp7d2sUZm6_6batuta8analyzer5testss_36test_detect_language_from_path_shell
FN:346,_RNvNtNtCshEp7d2sUZm6_6batuta8analyzer5testss_37test_detect_language_from_path_python
FN:795,_RNvNtNtCshEp7d2sUZm6_6batuta8analyzer5testss_38test_analyze_project_with_dependencies
FN:607,_RNvNtNtCshEp7d2sUZm6_6batuta8analyzer5testss_38test_detect_dependencies_python_poetry
FN:474,_RNvNtNtCshEp7d2sUZm6_6batuta8analyzer5testss_38test_detect_language_from_path_unknown
FN:636,_RNvNtNtCshEp7d2sUZm6_6batuta8analyzer5testss_39test_detect_dependencies_javascript_npm
FN:596,_RNvNtNtCshEp7d2sUZm6_6batuta8analyzer5testss_39test_detect_dependencies_python_pipfile
FN:824,_RNvNtNtCshEp7d2sUZm6_6batuta8analyzer5testss_40test_analyze_project_ignores_directories
FN:430,_RNvNtNtCshEp7d2sUZm6_6batuta8analyzer5testss_41test_detect_language_from_path_javascript
FN:446,_RNvNtNtCshEp7d2sUZm6_6batuta8analyzer5testss_41test_detect_language_from_path_typescript
FN:760,_RNvNtNtCshEp7d2sUZm6_6batuta8analyzer5testss_43test_count_dependencies_unsupported_manager
FN:584,_RNvNtNtCshEp7d2sUZm6_6batuta8analyzer5testss_44test_detect_dependencies_python_requirements
FN:138,_RNvNtCshEp7d2sUZm6_6batuta8analyzer10is_ignored
FN:132,_RNvNtCshEp7d2sUZm6_6batuta8analyzer11count_lines
FN:31,_RNvNtCshEp7d2sUZm6_6batuta8analyzer15analyze_project
FN:71,_RNvNtCshEp7d2sUZm6_6batuta8analyzer16detect_languages
FN:235,_RNvNtCshEp7d2sUZm6_6batuta8analyzer17check_poetry_deps
FN:253,_RNvNtCshEp7d2sUZm6_6batuta8analyzer18count_dependencies
FN:302,_RNvNtCshEp7d2sUZm6_6batuta8analyzer19calculate_tdg_score
FN:165,_RNvNtCshEp7d2sUZm6_6batuta8analyzer19detect_dependencies
FN:216,_RNvNtCshEp7d2sUZm6_6batuta8analyzer21check_dependency_file
FN:114,_RNvNtCshEp7d2sUZm6_6batuta8analyzer25detect_language_from_path
FN:155,_RNCNvNtCshEp7d2sUZm6_6batuta8analyzer10is_ignored0B5_
FN:134,_RNCNvNtCshEp7d2sUZm6_6batuta8analyzer11count_lines0B5_
FN:77,_RNCNvNtCshEp7d2sUZm6_6batuta8analyzer16detect_languages0B5_
FN:97,_RNCNvNtCshEp7d2sUZm6_6batuta8analyzer16detect_languagess0_0B5_
FN:108,_RNCNvNtCshEp7d2sUZm6_6batuta8analyzer16detect_languagess1_0B5_
FN:262,_RNCNvNtCshEp7d2sUZm6_6batuta8analyzer18count_dependencies0B5_
FN:291,_RNCNvNtCshEp7d2sUZm6_6batuta8analyzer18count_dependenciess0_0B5_
FN:292,_RNCNvNtCshEp7d2sUZm6_6batuta8analyzer18count_dependenciess1_0B5_
FN:292,_RNCNvNtCshEp7d2sUZm6_6batuta8analyzer18count_dependenciess2_0B5_
FN:290,_RNCNvNtCshEp7d2sUZm6_6batuta8analyzer18count_dependenciess_0B5_
FN:155,_RNCNvNtCsc3xvWSUKV5Z_6batuta8analyzer10is_ignored0B5_
FN:134,_RNCNvNtCsc3xvWSUKV5Z_6batuta8analyzer11count_lines0B5_
FN:77,_RNCNvNtCsc3xvWSUKV5Z_6batuta8analyzer16detect_languages0B5_
FN:97,_RNCNvNtCsc3xvWSUKV5Z_6batuta8analyzer16detect_languagess0_0B5_
FN:108,_RNCNvNtCsc3xvWSUKV5Z_6batuta8analyzer16detect_languagess1_0B5_
FN:262,_RNCNvNtCsc3xvWSUKV5Z_6batuta8analyzer18count_dependencies0B5_
FN:291,_RNCNvNtCsc3xvWSUKV5Z_6batuta8analyzer18count_dependenciess0_0B5_
FN:292,_RNCNvNtCsc3xvWSUKV5Z_6batuta8analyzer18count_dependenciess1_0B5_
FN:292,_RNCNvNtCsc3xvWSUKV5Z_6batuta8analyzer18count_dependenciess2_0B5_
FN:290,_RNCNvNtCsc3xvWSUKV5Z_6batuta8analyzer18count_dependenciess_0B5_
FN:138,_RNvNtCsc3xvWSUKV5Z_6batuta8analyzer10is_ignored
FN:132,_RNvNtCsc3xvWSUKV5Z_6batuta8analyzer11count_lines
FN:31,_RNvNtCsc3xvWSUKV5Z_6batuta8analyzer15analyze_project
FN:71,_RNvNtCsc3xvWSUKV5Z_6batuta8analyzer16detect_languages
FN:235,_RNvNtCsc3xvWSUKV5Z_6batuta8analyzer17check_poetry_deps
FN:253,_RNvNtCsc3xvWSUKV5Z_6batuta8analyzer18count_dependencies
FN:302,_RNvNtCsc3xvWSUKV5Z_6batuta8analyzer19calculate_tdg_score
FN:165,_RNvNtCsc3xvWSUKV5Z_6batuta8analyzer19detect_dependencies
FN:216,_RNvNtCsc3xvWSUKV5Z_6batuta8analyzer21check_dependency_file
FN:114,_RNvNtCsc3xvWSUKV5Z_6batuta8analyzer25detect_language_from_path
FNDA:291,_RNvNtCs2Yt0WxJROpx_6batuta8analyzer10is_ignored
FNDA:44,_RNvNtCs2Yt0WxJROpx_6batuta8analyzer11count_lines
FNDA:17,_RNvNtCs2Yt0WxJROpx_6batuta8analyzer15analyze_project
FNDA:10,_RNvNtCs2Yt0WxJROpx_6batuta8analyzer16detect_languages
FNDA:8,_RNvNtCs2Yt0WxJROpx_6batuta8analyzer17check_poetry_deps
FNDA:1,_RNvNtCs2Yt0WxJROpx_6batuta8analyzer18count_dependencies
FNDA:8,_RNvNtCs2Yt0WxJROpx_6batuta8analyzer19calculate_tdg_score
FNDA:8,_RNvNtCs2Yt0WxJROpx_6batuta8analyzer19detect_dependencies
FNDA:80,_RNvNtCs2Yt0WxJROpx_6batuta8analyzer21check_dependency_file
FNDA:243,_RNvNtCs2Yt0WxJROpx_6batuta8analyzer25detect_language_from_path
FNDA:1124,_RNCNvNtCs2Yt0WxJROpx_6batuta8analyzer10is_ignored0B5_
FNDA:18751,_RNCNvNtCs2Yt0WxJROpx_6batuta8analyzer11count_lines0B5_
FNDA:291,_RNCNvNtCs2Yt0WxJROpx_6batuta8analyzer16detect_languages0B5_
FNDA:11,_RNCNvNtCs2Yt0WxJROpx_6batuta8analyzer16detect_languagess0_0B5_
FNDA:3,_RNCNvNtCs2Yt0WxJROpx_6batuta8analyzer16detect_languagess1_0B5_
FNDA:2,_RNCNvNtCs2Yt0WxJROpx_6batuta8analyzer18count_dependencies0B5_
FNDA:0,_RNCNvNtCs2Yt0WxJROpx_6batuta8analyzer18count_dependenciess0_0B5_
FNDA:0,_RNCNvNtCs2Yt0WxJROpx_6batuta8analyzer18count_dependenciess1_0B5_
FNDA:0,_RNCNvNtCs2Yt0WxJROpx_6batuta8analyzer18count_dependenciess2_0B5_
FNDA:0,_RNCNvNtCs2Yt0WxJROpx_6batuta8analyzer18count_dependenciess_0B5_
FNDA:113,_RNCNvNtCsjH0PaGjVXp8_6batuta8analyzer10is_ignored0B5_
FNDA:23,_RNCNvNtCsjH0PaGjVXp8_6batuta8analyzer11count_lines0B5_
FNDA:20,_RNCNvNtCsjH0PaGjVXp8_6batuta8analyzer16detect_languages0B5_
FNDA:8,_RNCNvNtCsjH0PaGjVXp8_6batuta8analyzer16detect_languagess0_0B5_
FNDA:2,_RNCNvNtCsjH0PaGjVXp8_6batuta8analyzer16detect_languagess1_0B5_
FNDA:10,_RNCNvNtCsjH0PaGjVXp8_6batuta8analyzer18count_dependencies0B5_
FNDA:1,_RNCNvNtCsjH0PaGjVXp8_6batuta8analyzer18count_dependenciess0_0B5_
FNDA:4,_RNCNvNtCsjH0PaGjVXp8_6batuta8analyzer18count_dependenciess1_0B5_
FNDA:1,_RNCNvNtCsjH0PaGjVXp8_6batuta8analyzer18count_dependenciess2_0B5_
FNDA:4,_RNCNvNtCsjH0PaGjVXp8_6batuta8analyzer18count_dependenciess_0B5_
FNDA:35,_RNvNtCsjH0PaGjVXp8_6batuta8analyzer10is_ignored
FNDA:14,_RNvNtCsjH0PaGjVXp8_6batuta8analyzer11count_lines
FNDA:8,_RNvNtCsjH0PaGjVXp8_6batuta8analyzer15analyze_project
FNDA:8,_RNvNtCsjH0PaGjVXp8_6batuta8analyzer16detect_languages
FNDA:12,_RNvNtCsjH0PaGjVXp8_6batuta8analyzer17check_poetry_deps
FNDA:14,_RNvNtCsjH0PaGjVXp8_6batuta8analyzer18count_dependencies
FNDA:0,_RNvNtCsjH0PaGjVXp8_6batuta8analyzer19calculate_tdg_score
FNDA:12,_RNvNtCsjH0PaGjVXp8_6batuta8analyzer19detect_dependencies
FNDA:120,_RNvNtCsjH0PaGjVXp8_6batuta8analyzer21check_dependency_file
FNDA:37,_RNvNtCsjH0PaGjVXp8_6batuta8analyzer25detect_language_from_path
FNDA:1,_RNvNtNtCsjH0PaGjVXp8_6batuta8analyzer5testss_19test_is_ignored_git
FNDA:1,_RNvNtNtCsjH0PaGjVXp8_6batuta8analyzer5testss_19test_is_not_ignored
FNDA:1,_RNvNtNtCsjH0PaGjVXp8_6batuta8analyzer5testss_20test_is_ignored_venv
FNDA:1,_RNvNtNtCsjH0PaGjVXp8_6batuta8analyzer5testss_22test_is_ignored_target
FNDA:1,_RNvNtNtCsjH0PaGjVXp8_6batuta8analyzer5testss_23test_count_lines_simple
FNDA:1,_RNvNtNtCsjH0PaGjVXp8_6batuta8analyzer5testss_23test_is_ignored_pycache
FNDA:1,_RNvNtNtCsjH0PaGjVXp8_6batuta8analyzer5testss_26test_analyze_project_basic
FNDA:1,_RNvNtNtCsjH0PaGjVXp8_6batuta8analyzer5testss_27test_count_dependencies_pip
FNDA:1,_RNvNtNtCsjH0PaGjVXp8_6batuta8analyzer5testss_27test_count_lines_empty_file
FNDA:1,_RNvNtNtCsjH0PaGjVXp8_6batuta8analyzer5testss_27test_is_ignored_ide_folders
FNDA:1,_RNvNtNtCsjH0PaGjVXp8_6batuta8analyzer5testss_28test_is_ignored_node_modules
FNDA:1,_RNvNtNtCsjH0PaGjVXp8_6batuta8analyzer5testss_29test_count_dependencies_cargo
FNDA:1,_RNvNtNtCsjH0PaGjVXp8_6batuta8analyzer5testss_29test_detect_dependencies_none
FNDA:1,_RNvNtNtCsjH0PaGjVXp8_6batuta8analyzer5testss_31test_detect_dependencies_go_mod
FNDA:1,_RNvNtNtCsjH0PaGjVXp8_6batuta8analyzer5testss_32test_count_lines_whitespace_only
FNDA:1,_RNvNtNtCsjH0PaGjVXp8_6batuta8analyzer5testss_32test_detect_language_from_path_c
FNDA:1,_RNvNtNtCsjH0PaGjVXp8_6batuta8analyzer5testss_33test_count_lines_nonexistent_file
FNDA:1,_RNvNtNtCsjH0PaGjVXp8_6batuta8analyzer5testss_33test_count_lines_with_empty_lines
FNDA:1,_RNvNtNtCsjH0PaGjVXp8_6batuta8analyzer5testss_33test_detect_dependencies_multiple
FNDA:1,_RNvNtNtCsjH0PaGjVXp8_6batuta8analyzer5testss_33test_detect_language_from_path_go
FNDA:1,_RNvNtNtCsjH0PaGjVXp8_6batuta8analyzer5testss_34test_count_dependencies_npm_no_dev
FNDA:1,_RNvNtNtCsjH0PaGjVXp8_6batuta8analyzer5testss_34test_detect_language_from_path_cpp
FNDA:1,_RNvNtNtCsjH0PaGjVXp8_6batuta8analyzer5testss_35test_detect_dependencies_rust_cargo
FNDA:1,_RNvNtNtCsjH0PaGjVXp8_6batuta8analyzer5testss_35test_detect_language_from_path_java
FNDA:1,_RNvNtNtCsjH0PaGjVXp8_6batuta8analyzer5testss_35test_detect_language_from_path_rust
FNDA:1,_RNvNtNtCsjH0PaGjVXp8_6batuta8analyzer5testss_36test_analyze_project_empty_directory
FNDA:1,_RNvNtNtCsjH0PaGjVXp8_6batuta8analyzer5testss_36test_analyze_project_mixed_languages
FNDA:1,_RNvNtNtCsjH0PaGjVXp8_6batuta8analyzer5testss_36test_count_dependencies_npm_with_dev
FNDA:1,_RNvNtNtCsjH0PaGjVXp8_6batuta8analyzer5testss_36test_detect_language_from_path_shell
FNDA:1,_RNvNtNtCsjH0PaGjVXp8_6batuta8analyzer5testss_37test_detect_language_from_path_python
FNDA:1,_RNvNtNtCsjH0PaGjVXp8_6batuta8analyzer5testss_38test_analyze_project_with_dependencies
FNDA:1,_RNvNtNtCsjH0PaGjVXp8_6batuta8analyzer5testss_38test_detect_dependencies_python_poetry
FNDA:1,_RNvNtNtCsjH0PaGjVXp8_6batuta8analyzer5testss_38test_detect_language_from_path_unknown
FNDA:1,_RNvNtNtCsjH0PaGjVXp8_6batuta8analyzer5testss_39test_detect_dependencies_javascript_npm
FNDA:1,_RNvNtNtCsjH0PaGjVXp8_6batuta8analyzer5testss_39test_detect_dependencies_python_pipfile
FNDA:1,_RNvNtNtCsjH0PaGjVXp8_6batuta8analyzer5testss_40test_analyze_project_ignores_directories
FNDA:1,_RNvNtNtCsjH0PaGjVXp8_6batuta8analyzer5testss_41test_detect_language_from_path_javascript
FNDA:1,_RNvNtNtCsjH0PaGjVXp8_6batuta8analyzer5testss_41test_detect_language_from_path_typescript
FNDA:1,_RNvNtNtCsjH0PaGjVXp8_6batuta8analyzer5testss_43test_count_dependencies_unsupported_manager
FNDA:1,_RNvNtNtCsjH0PaGjVXp8_6batuta8analyzer5testss_44test_detect_dependencies_python_requirements
FNDA:1,_RNvNtNtCshEp7d2sUZm6_6batuta8analyzer5testss_19test_is_ignored_git
FNDA:1,_RNvNtNtCshEp7d2sUZm6_6batuta8analyzer5testss_19test_is_not_ignored
FNDA:1,_RNvNtNtCshEp7d2sUZm6_6batuta8analyzer5testss_20test_is_ignored_venv
FNDA:1,_RNvNtNtCshEp7d2sUZm6_6batuta8analyzer5testss_22test_is_ignored_target
FNDA:1,_RNvNtNtCshEp7d2sUZm6_6batuta8analyzer5testss_23test_count_lines_simple
FNDA:1,_RNvNtNtCshEp7d2sUZm6_6batuta8analyzer5testss_23test_is_ignored_pycache
FNDA:1,_RNvNtNtCshEp7d2sUZm6_6batuta8analyzer5testss_26test_analyze_project_basic
FNDA:1,_RNvNtNtCshEp7d2sUZm6_6batuta8analyzer5testss_27test_count_dependencies_pip
FNDA:1,_RNvNtNtCshEp7d2sUZm6_6batuta8analyzer5testss_27test_count_lines_empty_file
FNDA:1,_RNvNtNtCshEp7d2sUZm6_6batuta8analyzer5testss_27test_is_ignored_ide_folders
FNDA:1,_RNvNtNtCshEp7d2sUZm6_6batuta8analyzer5testss_28test_is_ignored_node_modules
FNDA:1,_RNvNtNtCshEp7d2sUZm6_6batuta8analyzer5testss_29test_count_dependencies_cargo
FNDA:1,_RNvNtNtCshEp7d2sUZm6_6batuta8analyzer5testss_29test_detect_dependencies_none
FNDA:1,_RNvNtNtCshEp7d2sUZm6_6batuta8analyzer5testss_31test_detect_dependencies_go_mod
FNDA:1,_RNvNtNtCshEp7d2sUZm6_6batuta8analyzer5testss_32test_count_lines_whitespace_only
FNDA:1,_RNvNtNtCshEp7d2sUZm6_6batuta8analyzer5testss_32test_detect_language_from_path_c
FNDA:1,_RNvNtNtCshEp7d2sUZm6_6batuta8analyzer5testss_33test_count_lines_nonexistent_file
FNDA:1,_RNvNtNtCshEp7d2sUZm6_6batuta8analyzer5testss_33test_count_lines_with_empty_lines
FNDA:1,_RNvNtNtCshEp7d2sUZm6_6batuta8analyzer5testss_33test_detect_dependencies_multiple
FNDA:1,_RNvNtNtCshEp7d2sUZm6_6batuta8analyzer5testss_33test_detect_language_from_path_go
FNDA:1,_RNvNtNtCshEp7d2sUZm6_6batuta8analyzer5testss_34test_count_dependencies_npm_no_dev
FNDA:1,_RNvNtNtCshEp7d2sUZm6_6batuta8analyzer5testss_34test_detect_language_from_path_cpp
FNDA:1,_RNvNtNtCshEp7d2sUZm6_6batuta8analyzer5testss_35test_detect_dependencies_rust_cargo
FNDA:1,_RNvNtNtCshEp7d2sUZm6_6batuta8analyzer5testss_35test_detect_language_from_path_java
FNDA:1,_RNvNtNtCshEp7d2sUZm6_6batuta8analyzer5testss_35test_detect_language_from_path_rust
FNDA:1,_RNvNtNtCshEp7d2sUZm6_6batuta8analyzer5testss_36test_analyze_project_empty_directory
FNDA:1,_RNvNtNtCshEp7d2sUZm6_6batuta8analyzer5testss_36test_analyze_project_mixed_languages
FNDA:1,_RNvNtNtCshEp7d2sUZm6_6batuta8analyzer5testss_36test_count_dependencies_npm_with_dev
FNDA:1,_RNvNtNtCshEp7d2sUZm6_6batuta8analyzer5testss_36test_detect_language_from_path_shell
FNDA:1,_RNvNtNtCshEp7d2sUZm6_6batuta8analyzer5testss_37test_detect_language_from_path_python
FNDA:1,_RNvNtNtCshEp7d2sUZm6_6batuta8analyzer5testss_38test_analyze_project_with_dependencies
FNDA:1,_RNvNtNtCshEp7d2sUZm6_6batuta8analyzer5testss_38test_detect_dependencies_python_poetry
FNDA:1,_RNvNtNtCshEp7d2sUZm6_6batuta8analyzer5testss_38test_detect_language_from_path_unknown
FNDA:1,_RNvNtNtCshEp7d2sUZm6_6batuta8analyzer5testss_39test_detect_dependencies_javascript_npm
FNDA:1,_RNvNtNtCshEp7d2sUZm6_6batuta8analyzer5testss_39test_detect_dependencies_python_pipfile
FNDA:1,_RNvNtNtCshEp7d2sUZm6_6batuta8analyzer5testss_40test_analyze_project_ignores_directories
FNDA:1,_RNvNtNtCshEp7d2sUZm6_6batuta8analyzer5testss_41test_detect_language_from_path_javascript
FNDA:1,_RNvNtNtCshEp7d2sUZm6_6batuta8analyzer5testss_41test_detect_language_from_path_typescript
FNDA:1,_RNvNtNtCshEp7d2sUZm6_6batuta8analyzer5testss_43test_count_dependencies_unsupported_manager
FNDA:1,_RNvNtNtCshEp7d2sUZm6_6batuta8analyzer5testss_44test_detect_dependencies_python_requirements
FNDA:35,_RNvNtCshEp7d2sUZm6_6batuta8analyzer10is_ignored
FNDA:14,_RNvNtCshEp7d2sUZm6_6batuta8analyzer11count_lines
FNDA:8,_RNvNtCshEp7d2sUZm6_6batuta8analyzer15analyze_project
FNDA:8,_RNvNtCshEp7d2sUZm6_6batuta8analyzer16detect_languages
FNDA:12,_RNvNtCshEp7d2sUZm6_6batuta8analyzer17check_poetry_deps
FNDA:14,_RNvNtCshEp7d2sUZm6_6batuta8analyzer18count_dependencies
FNDA:0,_RNvNtCshEp7d2sUZm6_6batuta8analyzer19calculate_tdg_score
FNDA:12,_RNvNtCshEp7d2sUZm6_6batuta8analyzer19detect_dependencies
FNDA:120,_RNvNtCshEp7d2sUZm6_6batuta8analyzer21check_dependency_file
FNDA:37,_RNvNtCshEp7d2sUZm6_6batuta8analyzer25detect_language_from_path
FNDA:113,_RNCNvNtCshEp7d2sUZm6_6batuta8analyzer10is_ignored0B5_
FNDA:23,_RNCNvNtCshEp7d2sUZm6_6batuta8analyzer11count_lines0B5_
FNDA:20,_RNCNvNtCshEp7d2sUZm6_6batuta8analyzer16detect_languages0B5_
FNDA:8,_RNCNvNtCshEp7d2sUZm6_6batuta8analyzer16detect_languagess0_0B5_
FNDA:2,_RNCNvNtCshEp7d2sUZm6_6batuta8analyzer16detect_languagess1_0B5_
FNDA:10,_RNCNvNtCshEp7d2sUZm6_6batuta8analyzer18count_dependencies0B5_
FNDA:1,_RNCNvNtCshEp7d2sUZm6_6batuta8analyzer18count_dependenciess0_0B5_
FNDA:4,_RNCNvNtCshEp7d2sUZm6_6batuta8analyzer18count_dependenciess1_0B5_
FNDA:1,_RNCNvNtCshEp7d2sUZm6_6batuta8analyzer18count_dependenciess2_0B5_
FNDA:4,_RNCNvNtCshEp7d2sUZm6_6batuta8analyzer18count_dependenciess_0B5_
FNDA:0,_RNCNvNtCsc3xvWSUKV5Z_6batuta8analyzer10is_ignored0B5_
FNDA:0,_RNCNvNtCsc3xvWSUKV5Z_6batuta8analyzer11count_lines0B5_
FNDA:0,_RNCNvNtCsc3xvWSUKV5Z_6batuta8analyzer16detect_languages0B5_
FNDA:0,_RNCNvNtCsc3xvWSUKV5Z_6batuta8analyzer16detect_languagess0_0B5_
FNDA:0,_RNCNvNtCsc3xvWSUKV5Z_6batuta8analyzer16detect_languagess1_0B5_
FNDA:0,_RNCNvNtCsc3xvWSUKV5Z_6batuta8analyzer18count_dependencies0B5_
FNDA:0,_RNCNvNtCsc3xvWSUKV5Z_6batuta8analyzer18count_dependenciess0_0B5_
FNDA:0,_RNCNvNtCsc3xvWSUKV5Z_6batuta8analyzer18count_dependenciess1_0B5_
FNDA:0,_RNCNvNtCsc3xvWSUKV5Z_6batuta8analyzer18count_dependenciess2_0B5_
FNDA:0,_RNCNvNtCsc3xvWSUKV5Z_6batuta8analyzer18count_dependenciess_0B5_
FNDA:0,_RNvNtCsc3xvWSUKV5Z_6batuta8analyzer10is_ignored
FNDA:0,_RNvNtCsc3xvWSUKV5Z_6batuta8analyzer11count_lines
FNDA:0,_RNvNtCsc3xvWSUKV5Z_6batuta8analyzer15analyze_project
FNDA:0,_RNvNtCsc3xvWSUKV5Z_6batuta8analyzer16detect_languages
FNDA:0,_RNvNtCsc3xvWSUKV5Z_6batuta8analyzer17check_poetry_deps
FNDA:0,_RNvNtCsc3xvWSUKV5Z_6batuta8analyzer18count_dependencies
FNDA:0,_RNvNtCsc3xvWSUKV5Z_6batuta8analyzer19calculate_tdg_score
FNDA:0,_RNvNtCsc3xvWSUKV5Z_6batuta8analyzer19detect_dependencies
FNDA:0,_RNvNtCsc3xvWSUKV5Z_6batuta8analyzer21check_dependency_file
FNDA:0,_RNvNtCsc3xvWSUKV5Z_6batuta8analyzer25detect_language_from_path
FNF:60
FNH:60
DA:31,33
DA:32,33
DA:33,33
DA:34,33
DA:35,33
DA:36,33
DA:37,33
DA:39,33
DA:41,33
DA:42,26
DA:43,26
DA:44,25
DA:47,25
DA:48,21
DA:49,21
DA:52,25
DA:53,25
DA:54,7
DA:56,32
DA:57,16
DA:58,16
DA:59,16
DA:61,32
DA:62,8
DA:63,8
DA:64,24
DA:66,32
DA:67,33
DA:71,26
DA:72,26
DA:74,328
DA:75,26
DA:76,26
DA:77,331
DA:79,328
DA:80,327
DA:81,64
DA:82,263
DA:84,263
DA:85,62
DA:86,62
DA:87,62
DA:88,62
DA:89,201
DA:93,25
DA:94,25
DA:95,25
DA:96,25
DA:97,27
DA:98,27
DA:99,27
DA:100,27
DA:101,27
DA:103,0
DA:105,27
DA:106,25
DA:108,25
DA:110,25
DA:111,26
DA:114,317
DA:115,317
DA:117,307
DA:118,307
DA:119,287
DA:120,283
DA:121,271
DA:122,224
DA:123,213
DA:124,207
DA:125,203
DA:126,201
DA:127,199
DA:129,317
DA:132,72
DA:133,72
DA:134,18797
DA:135,72
DA:138,361
DA:139,361
DA:140,361
DA:141,361
DA:142,361
DA:143,361
DA:144,361
DA:145,361
DA:146,361
DA:147,361
DA:148,361
DA:149,361
DA:150,361
DA:151,361
DA:152,361
DA:153,361
DA:155,1350
DA:156,1350
DA:157,1350
DA:159,0
DA:161,1350
DA:162,361
DA:165,32
DA:166,32
DA:169,32
DA:170,7
DA:171,25
DA:172,32
DA:173,2
DA:174,30
DA:175,32
DA:176,2
DA:177,30
DA:178,32
DA:179,0
DA:180,32
DA:183,32
DA:184,2
DA:185,30
DA:188,32
DA:189,4
DA:190,28
DA:191,32
DA:192,0
DA:193,32
DA:196,32
DA:197,2
DA:198,30
DA:201,32
DA:202,0
DA:203,32
DA:204,32
DA:205,0
DA:206,32
DA:209,32
DA:210,0
DA:211,32
DA:213,32
DA:214,32
DA:216,320
DA:217,320
DA:218,320
DA:219,320
DA:220,320
DA:221,320
DA:222,320
DA:223,17
DA:224,17
DA:225,17
DA:226,17
DA:227,17
DA:228,17
DA:229,17
DA:231,303
DA:233,320
DA:235,32
DA:236,32
DA:237,32
DA:238,2
DA:239,2
DA:240,2
DA:241,2
DA:242,2
DA:243,2
DA:244,2
DA:245,2
DA:246,2
DA:247,0
DA:248,0
DA:249,30
DA:250,30
DA:251,32
DA:253,29
DA:254,29
DA:256,29
DA:260,9
DA:261,9
DA:262,22
DA:263,22
DA:264,22
DA:265,22
DA:266,9
DA:271,4
DA:272,4
DA:273,4
DA:275,30
DA:276,26
DA:277,26
DA:278,6
DA:279,20
DA:280,4
DA:281,16
DA:282,8
DA:283,8
DA:285,4
DA:289,8
DA:290,8
DA:291,8
DA:292,8
DA:294,0
DA:297,8
DA:299,29
DA:302,8
DA:303,8
DA:305,8
DA:306,8
DA:307,8
DA:308,8
DA:309,8
DA:311,8
DA:312,0
DA:313,0
DA:314,8
DA:316,8
DA:319,32
DA:320,32
DA:321,8
DA:323,8
DA:324,8
DA:325,8
DA:326,0
DA:327,0
DA:328,0
DA:329,24
DA:332,0
DA:333,8
DA:346,2
DA:347,2
DA:348,2
DA:351,2
DA:352,2
DA:355,2
DA:356,2
DA:359,2
DA:362,2
DA:363,2
DA:364,2
DA:367,2
DA:368,2
DA:371,2
DA:374,2
DA:375,2
DA:376,2
DA:379,2
DA:380,2
DA:383,2
DA:384,2
DA:387,2
DA:388,2
DA:391,2
DA:392,2
DA:395,2
DA:396,2
DA:399,2
DA:402,2
DA:403,2
DA:404,2
DA:407,2
DA:408,2
DA:411,2
DA:414,2
DA:415,2
DA:416,2
DA:419,2
DA:420,2
DA:423,2
DA:424,2
DA:427,2
DA:430,2
DA:431,2
DA:432,2
DA:435,2
DA:436,2
DA:439,2
DA:440,2
DA:443,2
DA:446,2
DA:447,2
DA:448,2
DA:451,2
DA:452,2
DA:455,2
DA:458,2
DA:459,2
DA:460,2
DA:463,2
DA:466,2
DA:467,2
DA:468,2
DA:471,2
DA:474,2
DA:475,2
DA:476,2
DA:477,2
DA:478,2
DA:479,2
DA:486,2
DA:487,2
DA:488,2
DA:490,2
DA:492,2
DA:493,2
DA:496,2
DA:497,2
DA:498,2
DA:500,2
DA:503,2
DA:504,2
DA:507,2
DA:508,2
DA:509,2
DA:511,2
DA:513,2
DA:514,2
DA:517,2
DA:518,2
DA:519,2
DA:521,2
DA:523,2
DA:524,2
DA:527,2
DA:528,2
DA:529,2
DA:530,2
DA:537,2
DA:538,2
DA:539,2
DA:540,2
DA:543,2
DA:544,2
DA:545,2
DA:546,2
DA:549,2
DA:550,2
DA:551,2
DA:552,2
DA:555,2
DA:556,2
DA:557,2
DA:558,2
DA:561,2
DA:562,2
DA:563,2
DA:564,2
DA:567,2
DA:568,2
DA:569,2
DA:570,2
DA:573,2
DA:574,2
DA:575,2
DA:576,2
DA:577,2
DA:584,2
DA:585,2
DA:586,2
DA:588,2
DA:590,2
DA:591,2
DA:592,2
DA:593,2
DA:596,2
DA:597,2
DA:598,2
DA:600,2
DA:602,2
DA:603,2
DA:604,2
DA:607,2
DA:608,2
DA:609,2
DA:610,2
DA:612,2
DA:614,2
DA:616,2
DA:617,2
DA:618,2
DA:621,2
DA:622,2
DA:623,2
DA:624,2
DA:626,2
DA:628,2
DA:630,2
DA:631,2
DA:632,2
DA:633,2
DA:636,2
DA:637,2
DA:638,2
DA:639,2
DA:641,2
DA:643,2
DA:645,2
DA:646,2
DA:647,2
DA:648,2
DA:651,2
DA:652,2
DA:653,2
DA:655,2
DA:657,2
DA:658,2
DA:659,2
DA:662,2
DA:663,2
DA:664,2
DA:665,2
DA:667,2
DA:669,2
DA:670,2
DA:673,2
DA:674,2
DA:676,2
DA:678,2
DA:679,2
DA:686,2
DA:687,2
DA:688,2
DA:690,2
DA:692,2
DA:694,2
DA:695,2
DA:698,2
DA:699,2
DA:700,2
DA:702,2
DA:703,2
DA:714,2
DA:716,2
DA:718,2
DA:719,2
DA:722,2
DA:723,2
DA:724,2
DA:726,2
DA:727,2
DA:737,2
DA:739,2
DA:741,2
DA:742,2
DA:745,2
DA:746,2
DA:747,2
DA:749,2
DA:750,2
DA:752,2
DA:754,2
DA:756,2
DA:757,2
DA:760,2
DA:761,2
DA:762,2
DA:764,2
DA:766,2
DA:768,2
DA:769,2
DA:777,2
DA:778,2
DA:781,2
DA:782,2
DA:784,2
DA:786,2
DA:787,2
DA:788,2
DA:789,2
DA:790,2
DA:791,2
DA:795,2
DA:796,2
DA:798,2
DA:799,2
DA:801,2
DA:803,2
DA:804,2
DA:805,2
DA:809,2
DA:810,2
DA:812,2
DA:813,2
DA:814,2
DA:816,2
DA:818,2
DA:819,2
DA:820,2
DA:824,2
DA:825,2
DA:828,2
DA:831,2
DA:832,2
DA:834,2
DA:837,2
DA:838,2
DA:839,2
DA:842,2
DA:843,2
DA:845,2
DA:848,2
DA:849,2
DA:850,2
DA:851,2
DA:852,2
DA:853,2
BRF:0
BRH:0
LF:509
LH:493
end_of_record
SF:/home/noah/src/batuta/src/backend.rs
FN:268,_RNvMs0_NtCs2Yt0WxJROpx_6batuta7backendNtB5_15BackendSelector10vector_add
FN:148,_RNvMs0_NtCs2Yt0WxJROpx_6batuta7backendNtB5_15BackendSelector14select_backend
FN:290,_RNvMs0_NtCs2Yt0WxJROpx_6batuta7backendNtB5_15BackendSelector15matrix_multiply
FN:223,_RNvMs0_NtCs2Yt0WxJROpx_6batuta7backendNtB5_15BackendSelector15select_with_moe
FN:117,_RNvMs0_NtCs2Yt0WxJROpx_6batuta7backendNtB5_15BackendSelector15with_gpu_gflops
FN:172,_RNvMs0_NtCs2Yt0WxJROpx_6batuta7backendNtB5_15BackendSelector17select_for_matmul
FN:258,_RNvMs0_NtCs2Yt0WxJROpx_6batuta7backendNtB5_15BackendSelector17to_trueno_backend
FN:111,_RNvMs0_NtCs2Yt0WxJROpx_6batuta7backendNtB5_15BackendSelector19with_pcie_bandwidth
FN:187,_RNvMs0_NtCs2Yt0WxJROpx_6batuta7backendNtB5_15BackendSelector20select_for_vector_op
FN:200,_RNvMs0_NtCs2Yt0WxJROpx_6batuta7backendNtB5_15BackendSelector22select_for_elementwise
FN:123,_RNvMs0_NtCs2Yt0WxJROpx_6batuta7backendNtB5_15BackendSelector23with_min_dispatch_ratio
FN:106,_RNvMs0_NtCs2Yt0WxJROpx_6batuta7backendNtB5_15BackendSelector3new
FN:60,_RNvXNtCs2Yt0WxJROpx_6batuta7backendNtB2_7BackendNtNtCs6RpC691fUBl_4core3fmt7Display3fmt
FN:96,_RNvXs_NtCs2Yt0WxJROpx_6batuta7backendNtB4_15BackendSelectorNtNtCs6RpC691fUBl_4core7default7Default7default
FN:258,_RNvMs0_NtCsjH0PaGjVXp8_6batuta7backendNtB5_15BackendSelector17to_trueno_backend
FN:1042,_RNvNtNtCsjH0PaGjVXp8_6batuta7backend5testss_18test_backend_debug
FN:1014,_RNvNtNtCsjH0PaGjVXp8_6batuta7backend5testss_20test_backend_display
FN:1021,_RNvNtNtCsjH0PaGjVXp8_6batuta7backend5testss_21test_backend_equality
FN:485,_RNvNtNtCsjH0PaGjVXp8_6batuta7backend5testss_22test_trueno_vector_add
FN:1032,_RNvNtNtCsjH0PaGjVXp8_6batuta7backend5testss_23test_backend_clone_copy
FN:414,_RNvNtNtCsjH0PaGjVXp8_6batuta7backend5testss_23test_moe_low_complexity
FN:460,_RNvNtNtCsjH0PaGjVXp8_6batuta7backend5testss_24test_moe_high_complexity
FN:1099,_RNvNtNtCsjH0PaGjVXp8_6batuta7backend5testss_24test_op_complexity_debug
FN:1110,_RNvNtNtCsjH0PaGjVXp8_6batuta7backend5testss_25test_backend_selector_new
FN:854,_RNvNtNtCsjH0PaGjVXp8_6batuta7backend5testss_25test_elementwise_boundary
FN:886,_RNvNtNtCsjH0PaGjVXp8_6batuta7backend5testss_25test_zero_size_operations
FN:1049,_RNvNtNtCsjH0PaGjVXp8_6batuta7backend5testss_26test_backend_serialization
FN:403,_RNvNtNtCsjH0PaGjVXp8_6batuta7backend5testss_26test_custom_dispatch_ratio
FN:437,_RNvNtNtCsjH0PaGjVXp8_6batuta7backend5testss_26test_moe_medium_complexity
FN:941,_RNvNtNtCsjH0PaGjVXp8_6batuta7backend5testss_26test_very_large_operations
FN:967,_RNvNtNtCsjH0PaGjVXp8_6batuta7backend5testss_27test_custom_hardware_params
FN:1079,_RNvNtNtCsjH0PaGjVXp8_6batuta7backend5testss_27test_op_complexity_equality
FN:1068,_RNvNtNtCsjH0PaGjVXp8_6batuta7backend5testss_27test_op_complexity_ordering
FN:498,_RNvNtNtCsjH0PaGjVXp8_6batuta7backend5testss_27test_trueno_matrix_multiply
FN:1118,_RNvNtNtCsjH0PaGjVXp8_6batuta7backend5testss_29test_backend_selector_default
FN:636,_RNvNtNtCsjH0PaGjVXp8_6batuta7backend5testss_29test_matmul_flops_calculation
FN:1089,_RNvNtNtCsjH0PaGjVXp8_6batuta7backend5testss_29test_op_complexity_clone_copy
FN:917,_RNvNtNtCsjH0PaGjVXp8_6batuta7backend5testss_30test_single_element_operations
FN:733,_RNvNtNtCsjH0PaGjVXp8_6batuta7backend5testss_32test_moe_low_complexity_boundary
FN:679,_RNvNtNtCsjH0PaGjVXp8_6batuta7backend5testss_32test_vector_op_flops_calculation
FN:378,_RNvNtNtCsjH0PaGjVXp8_6batuta7backend5testss_34test_backend_selection_dot_product
FN:390,_RNvNtNtCsjH0PaGjVXp8_6batuta7backend5testss_34test_backend_selection_elementwise
FN:699,_RNvNtNtCsjH0PaGjVXp8_6batuta7backend5testss_34test_dispatch_ratio_multiplication
FN:586,_RNvNtNtCsjH0PaGjVXp8_6batuta7backend5testss_34test_matmul_data_bytes_calculation
FN:345,_RNvNtNtCsjH0PaGjVXp8_6batuta7backend5testss_35test_backend_selection_large_matmul
FN:331,_RNvNtNtCsjH0PaGjVXp8_6batuta7backend5testss_35test_backend_selection_small_matmul
FN:808,_RNvNtNtCsjH0PaGjVXp8_6batuta7backend5testss_35test_moe_high_complexity_boundaries
FN:1139,_RNvNtNtCsjH0PaGjVXp8_6batuta7backend5testss_37test_backend_selector_with_gpu_gflops
FN:762,_RNvNtNtCsjH0PaGjVXp8_6batuta7backend5testss_37test_moe_medium_complexity_boundaries
FN:659,_RNvNtNtCsjH0PaGjVXp8_6batuta7backend5testss_37test_vector_op_data_bytes_calculation
FN:1159,_RNvNtNtCsjH0PaGjVXp8_6batuta7backend5testss_38test_backend_selector_builder_chaining
FN:361,_RNvNtNtCsjH0PaGjVXp8_6batuta7backend5testss_40test_backend_selection_very_large_matmul
FN:1172,_RNvNtNtCsjH0PaGjVXp8_6batuta7backend5testss_40test_backend_selector_extreme_parameters
FN:1129,_RNvNtNtCsjH0PaGjVXp8_6batuta7backend5testss_41test_backend_selector_with_pcie_bandwidth
FN:516,_RNvNtNtCsjH0PaGjVXp8_6batuta7backend5testss_42test_select_backend_arithmetic_correctness
FN:1149,_RNvNtNtCsjH0PaGjVXp8_6batuta7backend5testss_45test_backend_selector_with_min_dispatch_ratio
FN:554,_RNvNtNtCsjH0PaGjVXp8_6batuta7backend5testss_49test_select_backend_arithmetic_mutation_detection
FN:268,_RNvMs0_NtCsjH0PaGjVXp8_6batuta7backendNtB5_15BackendSelector10vector_add
FN:148,_RNvMs0_NtCsjH0PaGjVXp8_6batuta7backendNtB5_15BackendSelector14select_backend
FN:290,_RNvMs0_NtCsjH0PaGjVXp8_6batuta7backendNtB5_15BackendSelector15matrix_multiply
FN:223,_RNvMs0_NtCsjH0PaGjVXp8_6batuta7backendNtB5_15BackendSelector15select_with_moe
FN:117,_RNvMs0_NtCsjH0PaGjVXp8_6batuta7backendNtB5_15BackendSelector15with_gpu_gflops
FN:172,_RNvMs0_NtCsjH0PaGjVXp8_6batuta7backendNtB5_15BackendSelector17select_for_matmul
FN:111,_RNvMs0_NtCsjH0PaGjVXp8_6batuta7backendNtB5_15BackendSelector19with_pcie_bandwidth
FN:187,_RNvMs0_NtCsjH0PaGjVXp8_6batuta7backendNtB5_15BackendSelector20select_for_vector_op
FN:200,_RNvMs0_NtCsjH0PaGjVXp8_6batuta7backendNtB5_15BackendSelector22select_for_elementwise
FN:123,_RNvMs0_NtCsjH0PaGjVXp8_6batuta7backendNtB5_15BackendSelector23with_min_dispatch_ratio
FN:106,_RNvMs0_NtCsjH0PaGjVXp8_6batuta7backendNtB5_15BackendSelector3new
FN:60,_RNvXNtCsjH0PaGjVXp8_6batuta7backendNtB2_7BackendNtNtCs6RpC691fUBl_4core3fmt7Display3fmt
FN:96,_RNvXs_NtCsjH0PaGjVXp8_6batuta7backendNtB4_15BackendSelectorNtNtCs6RpC691fUBl_4core7default7Default7default
FN:258,_RNvMs0_NtCshEp7d2sUZm6_6batuta7backendNtB5_15BackendSelector17to_trueno_backend
FN:1042,_RNvNtNtCshEp7d2sUZm6_6batuta7backend5testss_18test_backend_debug
FN:1014,_RNvNtNtCshEp7d2sUZm6_6batuta7backend5testss_20test_backend_display
FN:1021,_RNvNtNtCshEp7d2sUZm6_6batuta7backend5testss_21test_backend_equality
FN:485,_RNvNtNtCshEp7d2sUZm6_6batuta7backend5testss_22test_trueno_vector_add
FN:1032,_RNvNtNtCshEp7d2sUZm6_6batuta7backend5testss_23test_backend_clone_copy
FN:414,_RNvNtNtCshEp7d2sUZm6_6batuta7backend5testss_23test_moe_low_complexity
FN:460,_RNvNtNtCshEp7d2sUZm6_6batuta7backend5testss_24test_moe_high_complexity
FN:1099,_RNvNtNtCshEp7d2sUZm6_6batuta7backend5testss_24test_op_complexity_debug
FN:1110,_RNvNtNtCshEp7d2sUZm6_6batuta7backend5testss_25test_backend_selector_new
FN:854,_RNvNtNtCshEp7d2sUZm6_6batuta7backend5testss_25test_elementwise_boundary
FN:886,_RNvNtNtCshEp7d2sUZm6_6batuta7backend5testss_25test_zero_size_operations
FN:1049,_RNvNtNtCshEp7d2sUZm6_6batuta7backend5testss_26test_backend_serialization
FN:403,_RNvNtNtCshEp7d2sUZm6_6batuta7backend5testss_26test_custom_dispatch_ratio
FN:437,_RNvNtNtCshEp7d2sUZm6_6batuta7backend5testss_26test_moe_medium_complexity
FN:941,_RNvNtNtCshEp7d2sUZm6_6batuta7backend5testss_26test_very_large_operations
FN:967,_RNvNtNtCshEp7d2sUZm6_6batuta7backend5testss_27test_custom_hardware_params
FN:1079,_RNvNtNtCshEp7d2sUZm6_6batuta7backend5testss_27test_op_complexity_equality
FN:1068,_RNvNtNtCshEp7d2sUZm6_6batuta7backend5testss_27test_op_complexity_ordering
FN:498,_RNvNtNtCshEp7d2sUZm6_6batuta7backend5testss_27test_trueno_matrix_multiply
FN:1118,_RNvNtNtCshEp7d2sUZm6_6batuta7backend5testss_29test_backend_selector_default
FN:636,_RNvNtNtCshEp7d2sUZm6_6batuta7backend5testss_29test_matmul_flops_calculation
FN:1089,_RNvNtNtCshEp7d2sUZm6_6batuta7backend5testss_29test_op_complexity_clone_copy
FN:917,_RNvNtNtCshEp7d2sUZm6_6batuta7backend5testss_30test_single_element_operations
FN:733,_RNvNtNtCshEp7d2sUZm6_6batuta7backend5testss_32test_moe_low_complexity_boundary
FN:679,_RNvNtNtCshEp7d2sUZm6_6batuta7backend5testss_32test_vector_op_flops_calculation
FN:378,_RNvNtNtCshEp7d2sUZm6_6batuta7backend5testss_34test_backend_selection_dot_product
FN:390,_RNvNtNtCshEp7d2sUZm6_6batuta7backend5testss_34test_backend_selection_elementwise
FN:699,_RNvNtNtCshEp7d2sUZm6_6batuta7backend5testss_34test_dispatch_ratio_multiplication
FN:586,_RNvNtNtCshEp7d2sUZm6_6batuta7backend5testss_34test_matmul_data_bytes_calculation
FN:345,_RNvNtNtCshEp7d2sUZm6_6batuta7backend5testss_35test_backend_selection_large_matmul
FN:331,_RNvNtNtCshEp7d2sUZm6_6batuta7backend5testss_35test_backend_selection_small_matmul
FN:808,_RNvNtNtCshEp7d2sUZm6_6batuta7backend5testss_35test_moe_high_complexity_boundaries
FN:1139,_RNvNtNtCshEp7d2sUZm6_6batuta7backend5testss_37test_backend_selector_with_gpu_gflops
FN:762,_RNvNtNtCshEp7d2sUZm6_6batuta7backend5testss_37test_moe_medium_complexity_boundaries
FN:659,_RNvNtNtCshEp7d2sUZm6_6batuta7backend5testss_37test_vector_op_data_bytes_calculation
FN:1159,_RNvNtNtCshEp7d2sUZm6_6batuta7backend5testss_38test_backend_selector_builder_chaining
FN:361,_RNvNtNtCshEp7d2sUZm6_6batuta7backend5testss_40test_backend_selection_very_large_matmul
FN:1172,_RNvNtNtCshEp7d2sUZm6_6batuta7backend5testss_40test_backend_selector_extreme_parameters
FN:1129,_RNvNtNtCshEp7d2sUZm6_6batuta7backend5testss_41test_backend_selector_with_pcie_bandwidth
FN:516,_RNvNtNtCshEp7d2sUZm6_6batuta7backend5testss_42test_select_backend_arithmetic_correctness
FN:1149,_RNvNtNtCshEp7d2sUZm6_6batuta7backend5testss_45test_backend_selector_with_min_dispatch_ratio
FN:554,_RNvNtNtCshEp7d2sUZm6_6batuta7backend5testss_49test_select_backend_arithmetic_mutation_detection
FN:268,_RNvMs0_NtCshEp7d2sUZm6_6batuta7backendNtB5_15BackendSelector10vector_add
FN:148,_RNvMs0_NtCshEp7d2sUZm6_6batuta7backendNtB5_15BackendSelector14select_backend
FN:290,_RNvMs0_NtCshEp7d2sUZm6_6batuta7backendNtB5_15BackendSelector15matrix_multiply
FN:223,_RNvMs0_NtCshEp7d2sUZm6_6batuta7backendNtB5_15BackendSelector15select_with_moe
FN:117,_RNvMs0_NtCshEp7d2sUZm6_6batuta7backendNtB5_15BackendSelector15with_gpu_gflops
FN:172,_RNvMs0_NtCshEp7d2sUZm6_6batuta7backendNtB5_15BackendSelector17select_for_matmul
FN:111,_RNvMs0_NtCshEp7d2sUZm6_6batuta7backendNtB5_15BackendSelector19with_pcie_bandwidth
FN:187,_RNvMs0_NtCshEp7d2sUZm6_6batuta7backendNtB5_15BackendSelector20select_for_vector_op
FN:200,_RNvMs0_NtCshEp7d2sUZm6_6batuta7backendNtB5_15BackendSelector22select_for_elementwise
FN:123,_RNvMs0_NtCshEp7d2sUZm6_6batuta7backendNtB5_15BackendSelector23with_min_dispatch_ratio
FN:106,_RNvMs0_NtCshEp7d2sUZm6_6batuta7backendNtB5_15BackendSelector3new
FN:60,_RNvXNtCshEp7d2sUZm6_6batuta7backendNtB2_7BackendNtNtCs6RpC691fUBl_4core3fmt7Display3fmt
FN:96,_RNvXs_NtCshEp7d2sUZm6_6batuta7backendNtB4_15BackendSelectorNtNtCs6RpC691fUBl_4core7default7Default7default
FN:268,_RNvMs0_NtCsc3xvWSUKV5Z_6batuta7backendNtB5_15BackendSelector10vector_add
FN:148,_RNvMs0_NtCsc3xvWSUKV5Z_6batuta7backendNtB5_15BackendSelector14select_backend
FN:290,_RNvMs0_NtCsc3xvWSUKV5Z_6batuta7backendNtB5_15BackendSelector15matrix_multiply
FN:223,_RNvMs0_NtCsc3xvWSUKV5Z_6batuta7backendNtB5_15BackendSelector15select_with_moe
FN:117,_RNvMs0_NtCsc3xvWSUKV5Z_6batuta7backendNtB5_15BackendSelector15with_gpu_gflops
FN:172,_RNvMs0_NtCsc3xvWSUKV5Z_6batuta7backendNtB5_15BackendSelector17select_for_matmul
FN:258,_RNvMs0_NtCsc3xvWSUKV5Z_6batuta7backendNtB5_15BackendSelector17to_trueno_backend
FN:111,_RNvMs0_NtCsc3xvWSUKV5Z_6batuta7backendNtB5_15BackendSelector19with_pcie_bandwidth
FN:187,_RNvMs0_NtCsc3xvWSUKV5Z_6batuta7backendNtB5_15BackendSelector20select_for_vector_op
FN:200,_RNvMs0_NtCsc3xvWSUKV5Z_6batuta7backendNtB5_15BackendSelector22select_for_elementwise
FN:123,_RNvMs0_NtCsc3xvWSUKV5Z_6batuta7backendNtB5_15BackendSelector23with_min_dispatch_ratio
FN:106,_RNvMs0_NtCsc3xvWSUKV5Z_6batuta7backendNtB5_15BackendSelector3new
FN:60,_RNvXNtCsc3xvWSUKV5Z_6batuta7backendNtB2_7BackendNtNtCs6RpC691fUBl_4core3fmt7Display3fmt
FN:96,_RNvXs_NtCsc3xvWSUKV5Z_6batuta7backendNtB4_15BackendSelectorNtNtCs6RpC691fUBl_4core7default7Default7default
FNDA:0,_RNvMs0_NtCs2Yt0WxJROpx_6batuta7backendNtB5_15BackendSelector10vector_add
FNDA:0,_RNvMs0_NtCs2Yt0WxJROpx_6batuta7backendNtB5_15BackendSelector14select_backend
FNDA:0,_RNvMs0_NtCs2Yt0WxJROpx_6batuta7backendNtB5_15BackendSelector15matrix_multiply
FNDA:0,_RNvMs0_NtCs2Yt0WxJROpx_6batuta7backendNtB5_15BackendSelector15select_with_moe
FNDA:0,_RNvMs0_NtCs2Yt0WxJROpx_6batuta7backendNtB5_15BackendSelector15with_gpu_gflops
FNDA:0,_RNvMs0_NtCs2Yt0WxJROpx_6batuta7backendNtB5_15BackendSelector17select_for_matmul
FNDA:0,_RNvMs0_NtCs2Yt0WxJROpx_6batuta7backendNtB5_15BackendSelector17to_trueno_backend
FNDA:0,_RNvMs0_NtCs2Yt0WxJROpx_6batuta7backendNtB5_15BackendSelector19with_pcie_bandwidth
FNDA:0,_RNvMs0_NtCs2Yt0WxJROpx_6batuta7backendNtB5_15BackendSelector20select_for_vector_op
FNDA:0,_RNvMs0_NtCs2Yt0WxJROpx_6batuta7backendNtB5_15BackendSelector22select_for_elementwise
FNDA:0,_RNvMs0_NtCs2Yt0WxJROpx_6batuta7backendNtB5_15BackendSelector23with_min_dispatch_ratio
FNDA:0,_RNvMs0_NtCs2Yt0WxJROpx_6batuta7backendNtB5_15BackendSelector3new
FNDA:0,_RNvXNtCs2Yt0WxJROpx_6batuta7backendNtB2_7BackendNtNtCs6RpC691fUBl_4core3fmt7Display3fmt
FNDA:0,_RNvXs_NtCs2Yt0WxJROpx_6batuta7backendNtB4_15BackendSelectorNtNtCs6RpC691fUBl_4core7default7Default7default
FNDA:0,_RNvMs0_NtCsjH0PaGjVXp8_6batuta7backendNtB5_15BackendSelector17to_trueno_backend
FNDA:1,_RNvNtNtCsjH0PaGjVXp8_6batuta7backend5testss_18test_backend_debug
FNDA:1,_RNvNtNtCsjH0PaGjVXp8_6batuta7backend5testss_20test_backend_display
FNDA:1,_RNvNtNtCsjH0PaGjVXp8_6batuta7backend5testss_21test_backend_equality
FNDA:0,_RNvNtNtCsjH0PaGjVXp8_6batuta7backend5testss_22test_trueno_vector_add
FNDA:1,_RNvNtNtCsjH0PaGjVXp8_6batuta7backend5testss_23test_backend_clone_copy
FNDA:1,_RNvNtNtCsjH0PaGjVXp8_6batuta7backend5testss_23test_moe_low_complexity
FNDA:1,_RNvNtNtCsjH0PaGjVXp8_6batuta7backend5testss_24test_moe_high_complexity
FNDA:1,_RNvNtNtCsjH0PaGjVXp8_6batuta7backend5testss_24test_op_complexity_debug
FNDA:1,_RNvNtNtCsjH0PaGjVXp8_6batuta7backend5testss_25test_backend_selector_new
FNDA:1,_RNvNtNtCsjH0PaGjVXp8_6batuta7backend5testss_25test_elementwise_boundary
FNDA:1,_RNvNtNtCsjH0PaGjVXp8_6batuta7backend5testss_25test_zero_size_operations
FNDA:1,_RNvNtNtCsjH0PaGjVXp8_6batuta7backend5testss_26test_backend_serialization
FNDA:1,_RNvNtNtCsjH0PaGjVXp8_6batuta7backend5testss_26test_custom_dispatch_ratio
FNDA:1,_RNvNtNtCsjH0PaGjVXp8_6batuta7backend5testss_26test_moe_medium_complexity
FNDA:1,_RNvNtNtCsjH0PaGjVXp8_6batuta7backend5testss_26test_very_large_operations
FNDA:1,_RNvNtNtCsjH0PaGjVXp8_6batuta7backend5testss_27test_custom_hardware_params
FNDA:1,_RNvNtNtCsjH0PaGjVXp8_6batuta7backend5testss_27test_op_complexity_equality
FNDA:1,_RNvNtNtCsjH0PaGjVXp8_6batuta7backend5testss_27test_op_complexity_ordering
FNDA:0,_RNvNtNtCsjH0PaGjVXp8_6batuta7backend5testss_27test_trueno_matrix_multiply
FNDA:1,_RNvNtNtCsjH0PaGjVXp8_6batuta7backend5testss_29test_backend_selector_default
FNDA:1,_RNvNtNtCsjH0PaGjVXp8_6batuta7backend5testss_29test_matmul_flops_calculation
FNDA:1,_RNvNtNtCsjH0PaGjVXp8_6batuta7backend5testss_29test_op_complexity_clone_copy
FNDA:1,_RNvNtNtCsjH0PaGjVXp8_6batuta7backend5testss_30test_single_element_operations
FNDA:1,_RNvNtNtCsjH0PaGjVXp8_6batuta7backend5testss_32test_moe_low_complexity_boundary
FNDA:1,_RNvNtNtCsjH0PaGjVXp8_6batuta7backend5testss_32test_vector_op_flops_calculation
FNDA:1,_RNvNtNtCsjH0PaGjVXp8_6batuta7backend5testss_34test_backend_selection_dot_product
FNDA:1,_RNvNtNtCsjH0PaGjVXp8_6batuta7backend5testss_34test_backend_selection_elementwise
FNDA:1,_RNvNtNtCsjH0PaGjVXp8_6batuta7backend5testss_34test_dispatch_ratio_multiplication
FNDA:1,_RNvNtNtCsjH0PaGjVXp8_6batuta7backend5testss_34test_matmul_data_bytes_calculation
FNDA:1,_RNvNtNtCsjH0PaGjVXp8_6batuta7backend5testss_35test_backend_selection_large_matmul
FNDA:1,_RNvNtNtCsjH0PaGjVXp8_6batuta7backend5testss_35test_backend_selection_small_matmul
FNDA:1,_RNvNtNtCsjH0PaGjVXp8_6batuta7backend5testss_35test_moe_high_complexity_boundaries
FNDA:1,_RNvNtNtCsjH0PaGjVXp8_6batuta7backend5testss_37test_backend_selector_with_gpu_gflops
FNDA:1,_RNvNtNtCsjH0PaGjVXp8_6batuta7backend5testss_37test_moe_medium_complexity_boundaries
FNDA:1,_RNvNtNtCsjH0PaGjVXp8_6batuta7backend5testss_37test_vector_op_data_bytes_calculation
FNDA:1,_RNvNtNtCsjH0PaGjVXp8_6batuta7backend5testss_38test_backend_selector_builder_chaining
FNDA:1,_RNvNtNtCsjH0PaGjVXp8_6batuta7backend5testss_40test_backend_selection_very_large_matmul
FNDA:1,_RNvNtNtCsjH0PaGjVXp8_6batuta7backend5testss_40test_backend_selector_extreme_parameters
FNDA:1,_RNvNtNtCsjH0PaGjVXp8_6batuta7backend5testss_41test_backend_selector_with_pcie_bandwidth
FNDA:1,_RNvNtNtCsjH0PaGjVXp8_6batuta7backend5testss_42test_select_backend_arithmetic_correctness
FNDA:1,_RNvNtNtCsjH0PaGjVXp8_6batuta7backend5testss_45test_backend_selector_with_min_dispatch_ratio
FNDA:1,_RNvNtNtCsjH0PaGjVXp8_6batuta7backend5testss_49test_select_backend_arithmetic_mutation_detection
FNDA:0,_RNvMs0_NtCsjH0PaGjVXp8_6batuta7backendNtB5_15BackendSelector10vector_add
FNDA:32,_RNvMs0_NtCsjH0PaGjVXp8_6batuta7backendNtB5_15BackendSelector14select_backend
FNDA:0,_RNvMs0_NtCsjH0PaGjVXp8_6batuta7backendNtB5_15BackendSelector15matrix_multiply
FNDA:70,_RNvMs0_NtCsjH0PaGjVXp8_6batuta7backendNtB5_15BackendSelector15select_with_moe
FNDA:9,_RNvMs0_NtCsjH0PaGjVXp8_6batuta7backendNtB5_15BackendSelector15with_gpu_gflops
FNDA:7,_RNvMs0_NtCsjH0PaGjVXp8_6batuta7backendNtB5_15BackendSelector17select_for_matmul
FNDA:7,_RNvMs0_NtCsjH0PaGjVXp8_6batuta7backendNtB5_15BackendSelector19with_pcie_bandwidth
FNDA:4,_RNvMs0_NtCsjH0PaGjVXp8_6batuta7backendNtB5_15BackendSelector20select_for_vector_op
FNDA:7,_RNvMs0_NtCsjH0PaGjVXp8_6batuta7backendNtB5_15BackendSelector22select_for_elementwise
FNDA:7,_RNvMs0_NtCsjH0PaGjVXp8_6batuta7backendNtB5_15BackendSelector23with_min_dispatch_ratio
FNDA:134,_RNvMs0_NtCsjH0PaGjVXp8_6batuta7backendNtB5_15BackendSelector3new
FNDA:18,_RNvXNtCsjH0PaGjVXp8_6batuta7backendNtB2_7BackendNtNtCs6RpC691fUBl_4core3fmt7Display3fmt
FNDA:135,_RNvXs_NtCsjH0PaGjVXp8_6batuta7backendNtB4_15BackendSelectorNtNtCs6RpC691fUBl_4core7default7Default7default
FNDA:0,_RNvMs0_NtCshEp7d2sUZm6_6batuta7backendNtB5_15BackendSelector17to_trueno_backend
FNDA:1,_RNvNtNtCshEp7d2sUZm6_6batuta7backend5testss_18test_backend_debug
FNDA:1,_RNvNtNtCshEp7d2sUZm6_6batuta7backend5testss_20test_backend_display
FNDA:1,_RNvNtNtCshEp7d2sUZm6_6batuta7backend5testss_21test_backend_equality
FNDA:0,_RNvNtNtCshEp7d2sUZm6_6batuta7backend5testss_22test_trueno_vector_add
FNDA:1,_RNvNtNtCshEp7d2sUZm6_6batuta7backend5testss_23test_backend_clone_copy
FNDA:1,_RNvNtNtCshEp7d2sUZm6_6batuta7backend5testss_23test_moe_low_complexity
FNDA:1,_RNvNtNtCshEp7d2sUZm6_6batuta7backend5testss_24test_moe_high_complexity
FNDA:1,_RNvNtNtCshEp7d2sUZm6_6batuta7backend5testss_24test_op_complexity_debug
FNDA:1,_RNvNtNtCshEp7d2sUZm6_6batuta7backend5testss_25test_backend_selector_new
FNDA:1,_RNvNtNtCshEp7d2sUZm6_6batuta7backend5testss_25test_elementwise_boundary
FNDA:1,_RNvNtNtCshEp7d2sUZm6_6batuta7backend5testss_25test_zero_size_operations
FNDA:1,_RNvNtNtCshEp7d2sUZm6_6batuta7backend5testss_26test_backend_serialization
FNDA:1,_RNvNtNtCshEp7d2sUZm6_6batuta7backend5testss_26test_custom_dispatch_ratio
FNDA:1,_RNvNtNtCshEp7d2sUZm6_6batuta7backend5testss_26test_moe_medium_complexity
FNDA:1,_RNvNtNtCshEp7d2sUZm6_6batuta7backend5testss_26test_very_large_operations
FNDA:1,_RNvNtNtCshEp7d2sUZm6_6batuta7backend5testss_27test_custom_hardware_params
FNDA:1,_RNvNtNtCshEp7d2sUZm6_6batuta7backend5testss_27test_op_complexity_equality
FNDA:1,_RNvNtNtCshEp7d2sUZm6_6batuta7backend5testss_27test_op_complexity_ordering
FNDA:0,_RNvNtNtCshEp7d2sUZm6_6batuta7backend5testss_27test_trueno_matrix_multiply
FNDA:1,_RNvNtNtCshEp7d2sUZm6_6batuta7backend5testss_29test_backend_selector_default
FNDA:1,_RNvNtNtCshEp7d2sUZm6_6batuta7backend5testss_29test_matmul_flops_calculation
FNDA:1,_RNvNtNtCshEp7d2sUZm6_6batuta7backend5testss_29test_op_complexity_clone_copy
FNDA:1,_RNvNtNtCshEp7d2sUZm6_6batuta7backend5testss_30test_single_element_operations
FNDA:1,_RNvNtNtCshEp7d2sUZm6_6batuta7backend5testss_32test_moe_low_complexity_boundary
FNDA:1,_RNvNtNtCshEp7d2sUZm6_6batuta7backend5testss_32test_vector_op_flops_calculation
FNDA:1,_RNvNtNtCshEp7d2sUZm6_6batuta7backend5testss_34test_backend_selection_dot_product
FNDA:1,_RNvNtNtCshEp7d2sUZm6_6batuta7backend5testss_34test_backend_selection_elementwise
FNDA:1,_RNvNtNtCshEp7d2sUZm6_6batuta7backend5testss_34test_dispatch_ratio_multiplication
FNDA:1,_RNvNtNtCshEp7d2sUZm6_6batuta7backend5testss_34test_matmul_data_bytes_calculation
FNDA:1,_RNvNtNtCshEp7d2sUZm6_6batuta7backend5testss_35test_backend_selection_large_matmul
FNDA:1,_RNvNtNtCshEp7d2sUZm6_6batuta7backend5testss_35test_backend_selection_small_matmul
FNDA:1,_RNvNtNtCshEp7d2sUZm6_6batuta7backend5testss_35test_moe_high_complexity_boundaries
FNDA:1,_RNvNtNtCshEp7d2sUZm6_6batuta7backend5testss_37test_backend_selector_with_gpu_gflops
FNDA:1,_RNvNtNtCshEp7d2sUZm6_6batuta7backend5testss_37test_moe_medium_complexity_boundaries
FNDA:1,_RNvNtNtCshEp7d2sUZm6_6batuta7backend5testss_37test_vector_op_data_bytes_calculation
FNDA:1,_RNvNtNtCshEp7d2sUZm6_6batuta7backend5testss_38test_backend_selector_builder_chaining
FNDA:1,_RNvNtNtCshEp7d2sUZm6_6batuta7backend5testss_40test_backend_selection_very_large_matmul
FNDA:1,_RNvNtNtCshEp7d2sUZm6_6batuta7backend5testss_40test_backend_selector_extreme_parameters
FNDA:1,_RNvNtNtCshEp7d2sUZm6_6batuta7backend5testss_41test_backend_selector_with_pcie_bandwidth
FNDA:1,_RNvNtNtCshEp7d2sUZm6_6batuta7backend5testss_42test_select_backend_arithmetic_correctness
FNDA:1,_RNvNtNtCshEp7d2sUZm6_6batuta7backend5testss_45test_backend_selector_with_min_dispatch_ratio
FNDA:1,_RNvNtNtCshEp7d2sUZm6_6batuta7backend5testss_49test_select_backend_arithmetic_mutation_detection
FNDA:0,_RNvMs0_NtCshEp7d2sUZm6_6batuta7backendNtB5_15BackendSelector10vector_add
FNDA:32,_RNvMs0_NtCshEp7d2sUZm6_6batuta7backendNtB5_15BackendSelector14select_backend
FNDA:0,_RNvMs0_NtCshEp7d2sUZm6_6batuta7backendNtB5_15BackendSelector15matrix_multiply
FNDA:70,_RNvMs0_NtCshEp7d2sUZm6_6batuta7backendNtB5_15BackendSelector15select_with_moe
FNDA:9,_RNvMs0_NtCshEp7d2sUZm6_6batuta7backendNtB5_15BackendSelector15with_gpu_gflops
FNDA:7,_RNvMs0_NtCshEp7d2sUZm6_6batuta7backendNtB5_15BackendSelector17select_for_matmul
FNDA:7,_RNvMs0_NtCshEp7d2sUZm6_6batuta7backendNtB5_15BackendSelector19with_pcie_bandwidth
FNDA:4,_RNvMs0_NtCshEp7d2sUZm6_6batuta7backendNtB5_15BackendSelector20select_for_vector_op
FNDA:7,_RNvMs0_NtCshEp7d2sUZm6_6batuta7backendNtB5_15BackendSelector22select_for_elementwise
FNDA:7,_RNvMs0_NtCshEp7d2sUZm6_6batuta7backendNtB5_15BackendSelector23with_min_dispatch_ratio
FNDA:134,_RNvMs0_NtCshEp7d2sUZm6_6batuta7backendNtB5_15BackendSelector3new
FNDA:18,_RNvXNtCshEp7d2sUZm6_6batuta7backendNtB2_7BackendNtNtCs6RpC691fUBl_4core3fmt7Display3fmt
FNDA:135,_RNvXs_NtCshEp7d2sUZm6_6batuta7backendNtB4_15BackendSelectorNtNtCs6RpC691fUBl_4core7default7Default7default
FNDA:0,_RNvMs0_NtCsc3xvWSUKV5Z_6batuta7backendNtB5_15BackendSelector10vector_add
FNDA:0,_RNvMs0_NtCsc3xvWSUKV5Z_6batuta7backendNtB5_15BackendSelector14select_backend
FNDA:0,_RNvMs0_NtCsc3xvWSUKV5Z_6batuta7backendNtB5_15BackendSelector15matrix_multiply
FNDA:0,_RNvMs0_NtCsc3xvWSUKV5Z_6batuta7backendNtB5_15BackendSelector15select_with_moe
FNDA:0,_RNvMs0_NtCsc3xvWSUKV5Z_6batuta7backendNtB5_15BackendSelector15with_gpu_gflops
FNDA:0,_RNvMs0_NtCsc3xvWSUKV5Z_6batuta7backendNtB5_15BackendSelector17select_for_matmul
FNDA:0,_RNvMs0_NtCsc3xvWSUKV5Z_6batuta7backendNtB5_15BackendSelector17to_trueno_backend
FNDA:0,_RNvMs0_NtCsc3xvWSUKV5Z_6batuta7backendNtB5_15BackendSelector19with_pcie_bandwidth
FNDA:0,_RNvMs0_NtCsc3xvWSUKV5Z_6batuta7backendNtB5_15BackendSelector20select_for_vector_op
FNDA:0,_RNvMs0_NtCsc3xvWSUKV5Z_6batuta7backendNtB5_15BackendSelector22select_for_elementwise
FNDA:0,_RNvMs0_NtCsc3xvWSUKV5Z_6batuta7backendNtB5_15BackendSelector23with_min_dispatch_ratio
FNDA:0,_RNvMs0_NtCsc3xvWSUKV5Z_6batuta7backendNtB5_15BackendSelector3new
FNDA:0,_RNvXNtCsc3xvWSUKV5Z_6batuta7backendNtB2_7BackendNtNtCs6RpC691fUBl_4core3fmt7Display3fmt
FNDA:0,_RNvXs_NtCsc3xvWSUKV5Z_6batuta7backendNtB4_15BackendSelectorNtNtCs6RpC691fUBl_4core7default7Default7default
FNF:56
FNH:51
DA:60,36
DA:61,36
DA:62,12
DA:63,12
DA:64,12
DA:66,36
DA:96,270
DA:97,270
DA:98,270
DA:99,270
DA:100,270
DA:101,270
DA:102,270
DA:106,268
DA:107,268
DA:108,268
DA:111,14
DA:112,14
DA:113,14
DA:114,14
DA:117,18
DA:118,18
DA:119,18
DA:120,18
DA:123,14
DA:124,14
DA:125,14
DA:126,14
DA:148,64
DA:150,64
DA:153,64
DA:156,64
DA:157,14
DA:160,50
DA:162,64
DA:172,14
DA:174,14
DA:177,14
DA:179,14
DA:180,14
DA:187,8
DA:189,8
DA:192,8
DA:194,8
DA:195,8
DA:200,14
DA:203,14
DA:204,4
DA:206,10
DA:208,14
DA:223,140
DA:224,140
DA:227,44
DA:228,12
DA:230,32
DA:235,46
DA:236,8
DA:237,38
DA:238,28
DA:240,10
DA:245,50
DA:246,32
DA:247,18
DA:248,8
DA:250,10
DA:254,140
DA:258,0
DA:259,0
DA:260,0
DA:261,0
DA:262,0
DA:264,0
DA:268,0
DA:269,0
DA:270,0
DA:271,0
DA:272,0
DA:273,0
DA:274,0
DA:275,0
DA:277,0
DA:279,0
DA:280,0
DA:282,0
DA:283,0
DA:284,0
DA:286,0
DA:290,0
DA:291,0
DA:292,0
DA:293,0
DA:294,0
DA:295,0
DA:296,0
DA:297,0
DA:299,0
DA:300,0
DA:301,0
DA:302,0
DA:303,0
DA:304,0
DA:306,0
DA:309,0
DA:310,0
DA:311,0
DA:314,0
DA:315,0
DA:316,0
DA:319,0
DA:320,0
DA:321,0
DA:323,0
DA:331,2
DA:332,2
DA:340,2
DA:341,2
DA:342,2
DA:345,2
DA:346,2
DA:356,2
DA:357,2
DA:358,2
DA:361,2
DA:362,2
DA:371,2
DA:374,2
DA:375,2
DA:378,2
DA:379,2
DA:385,2
DA:386,2
DA:387,2
DA:390,2
DA:391,2
DA:394,2
DA:395,2
DA:398,2
DA:399,2
DA:400,2
DA:403,2
DA:404,2
DA:405,2
DA:408,2
DA:410,2
DA:411,2
DA:414,2
DA:415,2
DA:418,2
DA:419,2
DA:424,2
DA:425,2
DA:430,2
DA:431,2
DA:434,2
DA:437,2
DA:438,2
DA:441,2
DA:442,2
DA:447,2
DA:448,2
DA:453,2
DA:454,2
DA:457,2
DA:460,2
DA:461,2
DA:464,2
DA:465,2
DA:470,2
DA:471,2
DA:476,2
DA:477,2
DA:480,2
DA:485,0
DA:486,0
DA:488,0
DA:489,0
DA:491,0
DA:492,0
DA:493,0
DA:498,0
DA:499,0
DA:502,0
DA:503,0
DA:505,0
DA:508,0
DA:509,0
DA:516,2
DA:520,2
DA:524,2
DA:525,2
DA:533,2
DA:534,2
DA:535,2
DA:536,2
DA:539,2
DA:540,2
DA:543,2
DA:544,2
DA:545,2
DA:548,2
DA:549,2
DA:550,2
DA:551,2
DA:554,2
DA:558,2
DA:562,2
DA:563,2
DA:569,2
DA:570,2
DA:571,0
DA:575,2
DA:580,2
DA:581,2
DA:582,0
DA:583,2
DA:586,2
DA:590,2
DA:593,2
DA:594,2
DA:595,2
DA:605,2
DA:606,2
DA:611,2
DA:612,2
DA:613,2
DA:621,2
DA:622,2
DA:623,2
DA:631,2
DA:632,2
DA:633,2
DA:636,2
DA:640,2
DA:641,2
DA:644,2
DA:645,2
DA:646,2
DA:654,2
DA:655,2
DA:656,2
DA:659,2
DA:663,2
DA:665,2
DA:666,2
DA:674,2
DA:675,2
DA:676,2
DA:679,2
DA:682,2
DA:683,2
DA:685,2
DA:686,2
DA:694,2
DA:695,2
DA:696,2
DA:699,2
DA:704,2
DA:705,2
DA:707,2
DA:708,2
DA:711,2
DA:712,2
DA:713,2
DA:715,2
DA:716,2
DA:717,2
DA:720,2
DA:721,2
DA:724,2
DA:725,2
DA:726,2
DA:733,2
DA:737,2
DA:740,2
DA:741,2
DA:743,0
DA:747,2
DA:748,2
DA:750,0
DA:754,2
DA:755,2
DA:757,0
DA:759,2
DA:762,2
DA:766,2
DA:769,2
DA:770,2
DA:772,0
DA:775,2
DA:776,2
DA:778,0
DA:781,2
DA:782,2
DA:784,0
DA:788,2
DA:789,2
DA:791,0
DA:794,2
DA:795,2
DA:797,0
DA:800,2
DA:801,2
DA:803,0
DA:805,2
DA:808,2
DA:812,2
DA:815,2
DA:816,2
DA:818,0
DA:821,2
DA:822,2
DA:824,0
DA:827,2
DA:828,2
DA:830,0
DA:834,2
DA:835,2
DA:837,0
DA:840,2
DA:841,2
DA:843,0
DA:846,2
DA:847,2
DA:849,0
DA:851,2
DA:854,2
DA:857,2
DA:860,2
DA:861,2
DA:863,0
DA:867,2
DA:868,2
DA:870,0
DA:874,2
DA:875,2
DA:877,0
DA:879,2
DA:886,2
DA:887,2
DA:890,2
DA:891,2
DA:894,2
DA:895,2
DA:898,2
DA:899,2
DA:902,2
DA:903,2
DA:906,2
DA:907,2
DA:910,2
DA:911,2
DA:914,2
DA:917,2
DA:918,2
DA:921,2
DA:922,2
DA:925,2
DA:926,2
DA:929,2
DA:930,2
DA:934,2
DA:935,2
DA:938,2
DA:941,2
DA:942,2
DA:945,2
DA:948,2
DA:949,2
DA:954,2
DA:955,2
DA:960,2
DA:961,2
DA:964,2
DA:967,2
DA:971,2
DA:972,2
DA:973,2
DA:976,2
DA:977,2
DA:978,2
DA:981,2
DA:982,2
DA:986,2
DA:987,2
DA:991,2
DA:992,2
DA:995,2
DA:996,2
DA:1000,2
DA:1001,2
DA:1005,2
DA:1006,2
DA:1007,2
DA:1014,2
DA:1015,2
DA:1016,2
DA:1017,2
DA:1018,2
DA:1021,2
DA:1022,2
DA:1023,2
DA:1024,2
DA:1026,2
DA:1027,2
DA:1028,2
DA:1029,2
DA:1032,2
DA:1033,2
DA:1034,2
DA:1035,2
DA:1037,2
DA:1038,2
DA:1039,2
DA:1042,2
DA:1043,2
DA:1044,2
DA:1045,2
DA:1046,2
DA:1049,2
DA:1050,2
DA:1051,2
DA:1052,2
DA:1053,2
DA:1056,8
DA:1057,6
DA:1058,6
DA:1059,6
DA:1061,2
DA:1068,2
DA:1069,2
DA:1070,2
DA:1071,2
DA:1073,2
DA:1074,2
DA:1075,2
DA:1076,2
DA:1079,2
DA:1080,2
DA:1081,2
DA:1082,2
DA:1084,2
DA:1085,2
DA:1086,2
DA:1089,2
DA:1090,2
DA:1091,2
DA:1092,2
DA:1094,2
DA:1095,2
DA:1096,2
DA:1099,2
DA:1100,2
DA:1101,2
DA:1102,2
DA:1103,2
DA:1110,2
DA:1111,2
DA:1113,2
DA:1114,2
DA:1115,2
DA:1118,2
DA:1119,2
DA:1120,2
DA:1123,2
DA:1124,2
DA:1125,2
DA:1126,2
DA:1129,2
DA:1130,2
DA:1131,2
DA:1134,2
DA:1135,2
DA:1136,2
DA:1139,2
DA:1140,2
DA:1141,2
DA:1144,2
DA:1145,2
DA:1146,2
DA:1149,2
DA:1150,2
DA:1151,2
DA:1154,2
DA:1155,2
DA:1156,2
DA:1159,2
DA:1160,2
DA:1161,2
DA:1162,2
DA:1163,2
DA:1166,2
DA:1168,2
DA:1169,2
DA:1172,2
DA:1175,2
DA:1176,2
DA:1177,2
DA:1178,2
DA:1180,2
DA:1181,2
DA:1183,2
DA:1184,2
DA:1185,2
DA:1186,2
DA:1188,2
DA:1189,2
DA:1190,2
BRF:0
BRH:0
LF:507
LH:427
end_of_record
SF:/home/noah/src/batuta/src/config.rs
FN:359,_RNvMsa_NtCs2Yt0WxJROpx_6batuta6configNtB5_12BatutaConfig13from_analysis
FN:345,_RNvMsa_NtCs2Yt0WxJROpx_6batuta6configNtB5_12BatutaConfig4load
FN:352,_RNvMsa_NtCs2Yt0WxJROpx_6batuta6configNtB5_12BatutaConfig4save
FN:30,_RNvXNtCs2Yt0WxJROpx_6batuta6configNtB2_12BatutaConfigNtNtCs6RpC691fUBl_4core7default7Default7default
FN:86,_RNvXs0_NtCs2Yt0WxJROpx_6batuta6configNtB5_12SourceConfigNtNtCs6RpC691fUBl_4core7default7Default7default
FN:132,_RNvXs1_NtCs2Yt0WxJROpx_6batuta6configNtB5_19TranspilationConfigNtNtCs6RpC691fUBl_4core7default7Default7default
FN:160,_RNvXs2_NtCs2Yt0WxJROpx_6batuta6configNtB5_10DecyConfigNtNtCs6RpC691fUBl_4core7default7Default7default
FN:185,_RNvXs3_NtCs2Yt0WxJROpx_6batuta6configNtB5_13DepylerConfigNtNtCs6RpC691fUBl_4core7default7Default7default
FN:205,_RNvXs4_NtCs2Yt0WxJROpx_6batuta6configNtB5_12BashrsConfigNtNtCs6RpC691fUBl_4core7default7Default7default
FN:235,_RNvXs5_NtCs2Yt0WxJROpx_6batuta6configNtB5_18OptimizationConfigNtNtCs6RpC691fUBl_4core7default7Default7default
FN:260,_RNvXs6_NtCs2Yt0WxJROpx_6batuta6configNtB5_12TruenoConfigNtNtCs6RpC691fUBl_4core7default7Default7default
FN:288,_RNvXs7_NtCs2Yt0WxJROpx_6batuta6configNtB5_16ValidationConfigNtNtCs6RpC691fUBl_4core7default7Default7default
FN:309,_RNvXs8_NtCs2Yt0WxJROpx_6batuta6configNtB5_13RenacerConfigNtNtCs6RpC691fUBl_4core7default7Default7default
FN:333,_RNvXs9_NtCs2Yt0WxJROpx_6batuta6configNtB5_11BuildConfigNtNtCs6RpC691fUBl_4core7default7Default7default
FN:62,_RNvXs_NtCs2Yt0WxJROpx_6batuta6configNtB4_13ProjectConfigNtNtCs6RpC691fUBl_4core7default7Default7default
FN:854,_RNvNtNtCsjH0PaGjVXp8_6batuta6config5testss_17test_config_clone
FN:555,_RNvNtNtCsjH0PaGjVXp8_6batuta6config5testss_22test_load_invalid_toml
FN:838,_RNvNtNtCsjH0PaGjVXp8_6batuta6config5testss_24test_config_modification
FN:442,_RNvNtNtCsjH0PaGjVXp8_6batuta6config5testss_24test_decy_config_default
FN:608,_RNvNtNtCsjH0PaGjVXp8_6batuta6config5testss_24test_from_analysis_basic
FN:507,_RNvNtNtCsjH0PaGjVXp8_6batuta6config5testss_25test_build_config_default
FN:521,_RNvNtNtCsjH0PaGjVXp8_6batuta6config5testss_25test_save_and_load_config
FN:864,_RNvNtNtCsjH0PaGjVXp8_6batuta6config5testss_25test_save_modified_config
FN:461,_RNvNtNtCsjH0PaGjVXp8_6batuta6config5testss_26test_bashrs_config_default
FN:394,_RNvNtNtCsjH0PaGjVXp8_6batuta6config5testss_26test_batuta_config_default
FN:549,_RNvNtNtCsjH0PaGjVXp8_6batuta6config5testss_26test_load_nonexistent_file
FN:418,_RNvNtNtCsjH0PaGjVXp8_6batuta6config5testss_26test_source_config_default
FN:480,_RNvNtNtCsjH0PaGjVXp8_6batuta6config5testss_26test_trueno_config_default
FN:451,_RNvNtNtCsjH0PaGjVXp8_6batuta6config5testss_27test_depyler_config_default
FN:407,_RNvNtNtCsjH0PaGjVXp8_6batuta6config5testss_27test_project_config_default
FN:499,_RNvNtNtCsjH0PaGjVXp8_6batuta6config5testss_27test_renacer_config_default
FN:584,_RNvNtNtCsjH0PaGjVXp8_6batuta6config5testss_28test_save_config_toml_format
FN:758,_RNvNtNtCsjH0PaGjVXp8_6batuta6config5testss_30test_full_toml_deserialization
FN:489,_RNvNtNtCsjH0PaGjVXp8_6batuta6config5testss_30test_validation_config_default
FN:676,_RNvNtNtCsjH0PaGjVXp8_6batuta6config5testss_31test_from_analysis_rust_project
FN:469,_RNvNtNtCsjH0PaGjVXp8_6batuta6config5testss_32test_optimization_config_default
FN:790,_RNvNtNtCsjH0PaGjVXp8_6batuta6config5testss_33test_decy_config_in_transpilation
FN:826,_RNvNtNtCsjH0PaGjVXp8_6batuta6config5testss_33test_renacer_config_in_validation
FN:430,_RNvNtNtCsjH0PaGjVXp8_6batuta6config5testss_33test_transpilation_config_default
FN:770,_RNvNtNtCsjH0PaGjVXp8_6batuta6config5testss_34test_modified_toml_deserialization
FN:817,_RNvNtNtCsjH0PaGjVXp8_6batuta6config5testss_34test_trueno_config_in_optimization
FN:809,_RNvNtNtCsjH0PaGjVXp8_6batuta6config5testss_35test_bashrs_config_in_transpilation
FN:799,_RNvNtNtCsjH0PaGjVXp8_6batuta6config5testss_36test_depyler_config_in_transpilation
FN:567,_RNvNtNtCsjH0PaGjVXp8_6batuta6config5testss_36test_save_config_creates_parent_dirs
FN:694,_RNvNtNtCsjH0PaGjVXp8_6batuta6config5testss_38test_from_analysis_no_primary_language
FN:626,_RNvNtNtCsjH0PaGjVXp8_6batuta6config5testss_39test_from_analysis_with_ml_dependencies
FN:743,_RNvNtNtCsjH0PaGjVXp8_6batuta6config5testss_39test_serialize_deserialize_with_vectors
FN:716,_RNvNtNtCsjH0PaGjVXp8_6batuta6config5testss_40test_serialize_deserialize_batuta_config
FN:652,_RNvNtNtCsjH0PaGjVXp8_6batuta6config5testss_42test_from_analysis_without_ml_dependencies
FN:728,_RNvNtNtCsjH0PaGjVXp8_6batuta6config5testss_47test_serialize_deserialize_with_optional_fields
FN:359,_RNvMsa_NtCsjH0PaGjVXp8_6batuta6configNtB5_12BatutaConfig13from_analysis
FN:345,_RNvMsa_NtCsjH0PaGjVXp8_6batuta6configNtB5_12BatutaConfig4load
FN:352,_RNvMsa_NtCsjH0PaGjVXp8_6batuta6configNtB5_12BatutaConfig4save
FN:30,_RNvXNtCsjH0PaGjVXp8_6batuta6configNtB2_12BatutaConfigNtNtCs6RpC691fUBl_4core7default7Default7default
FN:86,_RNvXs0_NtCsjH0PaGjVXp8_6batuta6configNtB5_12SourceConfigNtNtCs6RpC691fUBl_4core7default7Default7default
FN:132,_RNvXs1_NtCsjH0PaGjVXp8_6batuta6configNtB5_19TranspilationConfigNtNtCs6RpC691fUBl_4core7default7Default7default
FN:160,_RNvXs2_NtCsjH0PaGjVXp8_6batuta6configNtB5_10DecyConfigNtNtCs6RpC691fUBl_4core7default7Default7default
FN:185,_RNvXs3_NtCsjH0PaGjVXp8_6batuta6configNtB5_13DepylerConfigNtNtCs6RpC691fUBl_4core7default7Default7default
FN:205,_RNvXs4_NtCsjH0PaGjVXp8_6batuta6configNtB5_12BashrsConfigNtNtCs6RpC691fUBl_4core7default7Default7default
FN:235,_RNvXs5_NtCsjH0PaGjVXp8_6batuta6configNtB5_18OptimizationConfigNtNtCs6RpC691fUBl_4core7default7Default7default
FN:260,_RNvXs6_NtCsjH0PaGjVXp8_6batuta6configNtB5_12TruenoConfigNtNtCs6RpC691fUBl_4core7default7Default7default
FN:288,_RNvXs7_NtCsjH0PaGjVXp8_6batuta6configNtB5_16ValidationConfigNtNtCs6RpC691fUBl_4core7default7Default7default
FN:309,_RNvXs8_NtCsjH0PaGjVXp8_6batuta6configNtB5_13RenacerConfigNtNtCs6RpC691fUBl_4core7default7Default7default
FN:333,_RNvXs9_NtCsjH0PaGjVXp8_6batuta6configNtB5_11BuildConfigNtNtCs6RpC691fUBl_4core7default7Default7default
FN:62,_RNvXs_NtCsjH0PaGjVXp8_6batuta6configNtB4_13ProjectConfigNtNtCs6RpC691fUBl_4core7default7Default7default
FN:359,_RNvMsa_NtCshEp7d2sUZm6_6batuta6configNtB5_12BatutaConfig13from_analysis
FN:345,_RNvMsa_NtCshEp7d2sUZm6_6batuta6configNtB5_12BatutaConfig4load
FN:352,_RNvMsa_NtCshEp7d2sUZm6_6batuta6configNtB5_12BatutaConfig4save
FN:30,_RNvXNtCshEp7d2sUZm6_6batuta6configNtB2_12BatutaConfigNtNtCs6RpC691fUBl_4core7default7Default7default
FN:86,_RNvXs0_NtCshEp7d2sUZm6_6batuta6configNtB5_12SourceConfigNtNtCs6RpC691fUBl_4core7default7Default7default
FN:132,_RNvXs1_NtCshEp7d2sUZm6_6batuta6configNtB5_19TranspilationConfigNtNtCs6RpC691fUBl_4core7default7Default7default
FN:160,_RNvXs2_NtCshEp7d2sUZm6_6batuta6configNtB5_10DecyConfigNtNtCs6RpC691fUBl_4core7default7Default7default
FN:185,_RNvXs3_NtCshEp7d2sUZm6_6batuta6configNtB5_13DepylerConfigNtNtCs6RpC691fUBl_4core7default7Default7default
FN:205,_RNvXs4_NtCshEp7d2sUZm6_6batuta6configNtB5_12BashrsConfigNtNtCs6RpC691fUBl_4core7default7Default7default
FN:235,_RNvXs5_NtCshEp7d2sUZm6_6batuta6configNtB5_18OptimizationConfigNtNtCs6RpC691fUBl_4core7default7Default7default
FN:260,_RNvXs6_NtCshEp7d2sUZm6_6batuta6configNtB5_12TruenoConfigNtNtCs6RpC691fUBl_4core7default7Default7default
FN:288,_RNvXs7_NtCshEp7d2sUZm6_6batuta6configNtB5_16ValidationConfigNtNtCs6RpC691fUBl_4core7default7Default7default
FN:309,_RNvXs8_NtCshEp7d2sUZm6_6batuta6configNtB5_13RenacerConfigNtNtCs6RpC691fUBl_4core7default7Default7default
FN:333,_RNvXs9_NtCshEp7d2sUZm6_6batuta6configNtB5_11BuildConfigNtNtCs6RpC691fUBl_4core7default7Default7default
FN:62,_RNvXs_NtCshEp7d2sUZm6_6batuta6configNtB4_13ProjectConfigNtNtCs6RpC691fUBl_4core7default7Default7default
FN:854,_RNvNtNtCshEp7d2sUZm6_6batuta6config5testss_17test_config_clone
FN:555,_RNvNtNtCshEp7d2sUZm6_6batuta6config5testss_22test_load_invalid_toml
FN:838,_RNvNtNtCshEp7d2sUZm6_6batuta6config5testss_24test_config_modification
FN:442,_RNvNtNtCshEp7d2sUZm6_6batuta6config5testss_24test_decy_config_default
FN:608,_RNvNtNtCshEp7d2sUZm6_6batuta6config5testss_24test_from_analysis_basic
FN:507,_RNvNtNtCshEp7d2sUZm6_6batuta6config5testss_25test_build_config_default
FN:521,_RNvNtNtCshEp7d2sUZm6_6batuta6config5testss_25test_save_and_load_config
FN:864,_RNvNtNtCshEp7d2sUZm6_6batuta6config5testss_25test_save_modified_config
FN:461,_RNvNtNtCshEp7d2sUZm6_6batuta6config5testss_26test_bashrs_config_default
FN:394,_RNvNtNtCshEp7d2sUZm6_6batuta6config5testss_26test_batuta_config_default
FN:549,_RNvNtNtCshEp7d2sUZm6_6batuta6config5testss_26test_load_nonexistent_file
FN:418,_RNvNtNtCshEp7d2sUZm6_6batuta6config5testss_26test_source_config_default
FN:480,_RNvNtNtCshEp7d2sUZm6_6batuta6config5testss_26test_trueno_config_default
FN:451,_RNvNtNtCshEp7d2sUZm6_6batuta6config5testss_27test_depyler_config_default
FN:407,_RNvNtNtCshEp7d2sUZm6_6batuta6config5testss_27test_project_config_default
FN:499,_RNvNtNtCshEp7d2sUZm6_6batuta6config5testss_27test_renacer_config_default
FN:584,_RNvNtNtCshEp7d2sUZm6_6batuta6config5testss_28test_save_config_toml_format
FN:758,_RNvNtNtCshEp7d2sUZm6_6batuta6config5testss_30test_full_toml_deserialization
FN:489,_RNvNtNtCshEp7d2sUZm6_6batuta6config5testss_30test_validation_config_default
FN:676,_RNvNtNtCshEp7d2sUZm6_6batuta6config5testss_31test_from_analysis_rust_project
FN:469,_RNvNtNtCshEp7d2sUZm6_6batuta6config5testss_32test_optimization_config_default
FN:790,_RNvNtNtCshEp7d2sUZm6_6batuta6config5testss_33test_decy_config_in_transpilation
FN:826,_RNvNtNtCshEp7d2sUZm6_6batuta6config5testss_33test_renacer_config_in_validation
FN:430,_RNvNtNtCshEp7d2sUZm6_6batuta6config5testss_33test_transpilation_config_default
FN:770,_RNvNtNtCshEp7d2sUZm6_6batuta6config5testss_34test_modified_toml_deserialization
FN:817,_RNvNtNtCshEp7d2sUZm6_6batuta6config5testss_34test_trueno_config_in_optimization
FN:809,_RNvNtNtCshEp7d2sUZm6_6batuta6config5testss_35test_bashrs_config_in_transpilation
FN:799,_RNvNtNtCshEp7d2sUZm6_6batuta6config5testss_36test_depyler_config_in_transpilation
FN:567,_RNvNtNtCshEp7d2sUZm6_6batuta6config5testss_36test_save_config_creates_parent_dirs
FN:694,_RNvNtNtCshEp7d2sUZm6_6batuta6config5testss_38test_from_analysis_no_primary_language
FN:626,_RNvNtNtCshEp7d2sUZm6_6batuta6config5testss_39test_from_analysis_with_ml_dependencies
FN:743,_RNvNtNtCshEp7d2sUZm6_6batuta6config5testss_39test_serialize_deserialize_with_vectors
FN:716,_RNvNtNtCshEp7d2sUZm6_6batuta6config5testss_40test_serialize_deserialize_batuta_config
FN:652,_RNvNtNtCshEp7d2sUZm6_6batuta6config5testss_42test_from_analysis_without_ml_dependencies
FN:728,_RNvNtNtCshEp7d2sUZm6_6batuta6config5testss_47test_serialize_deserialize_with_optional_fields
FN:359,_RNvMsa_NtCsc3xvWSUKV5Z_6batuta6configNtB5_12BatutaConfig13from_analysis
FN:345,_RNvMsa_NtCsc3xvWSUKV5Z_6batuta6configNtB5_12BatutaConfig4load
FN:352,_RNvMsa_NtCsc3xvWSUKV5Z_6batuta6configNtB5_12BatutaConfig4save
FN:30,_RNvXNtCsc3xvWSUKV5Z_6batuta6configNtB2_12BatutaConfigNtNtCs6RpC691fUBl_4core7default7Default7default
FN:86,_RNvXs0_NtCsc3xvWSUKV5Z_6batuta6configNtB5_12SourceConfigNtNtCs6RpC691fUBl_4core7default7Default7default
FN:132,_RNvXs1_NtCsc3xvWSUKV5Z_6batuta6configNtB5_19TranspilationConfigNtNtCs6RpC691fUBl_4core7default7Default7default
FN:160,_RNvXs2_NtCsc3xvWSUKV5Z_6batuta6configNtB5_10DecyConfigNtNtCs6RpC691fUBl_4core7default7Default7default
FN:185,_RNvXs3_NtCsc3xvWSUKV5Z_6batuta6configNtB5_13DepylerConfigNtNtCs6RpC691fUBl_4core7default7Default7default
FN:205,_RNvXs4_NtCsc3xvWSUKV5Z_6batuta6configNtB5_12BashrsConfigNtNtCs6RpC691fUBl_4core7default7Default7default
FN:235,_RNvXs5_NtCsc3xvWSUKV5Z_6batuta6configNtB5_18OptimizationConfigNtNtCs6RpC691fUBl_4core7default7Default7default
FN:260,_RNvXs6_NtCsc3xvWSUKV5Z_6batuta6configNtB5_12TruenoConfigNtNtCs6RpC691fUBl_4core7default7Default7default
FN:288,_RNvXs7_NtCsc3xvWSUKV5Z_6batuta6configNtB5_16ValidationConfigNtNtCs6RpC691fUBl_4core7default7Default7default
FN:309,_RNvXs8_NtCsc3xvWSUKV5Z_6batuta6configNtB5_13RenacerConfigNtNtCs6RpC691fUBl_4core7default7Default7default
FN:333,_RNvXs9_NtCsc3xvWSUKV5Z_6batuta6configNtB5_11BuildConfigNtNtCs6RpC691fUBl_4core7default7Default7default
FN:62,_RNvXs_NtCsc3xvWSUKV5Z_6batuta6configNtB4_13ProjectConfigNtNtCs6RpC691fUBl_4core7default7Default7default
FNDA:2,_RNvMsa_NtCs2Yt0WxJROpx_6batuta6configNtB5_12BatutaConfig13from_analysis
FNDA:0,_RNvMsa_NtCs2Yt0WxJROpx_6batuta6configNtB5_12BatutaConfig4load
FNDA:2,_RNvMsa_NtCs2Yt0WxJROpx_6batuta6configNtB5_12BatutaConfig4save
FNDA:2,_RNvXNtCs2Yt0WxJROpx_6batuta6configNtB2_12BatutaConfigNtNtCs6RpC691fUBl_4core7default7Default7default
FNDA:2,_RNvXs0_NtCs2Yt0WxJROpx_6batuta6configNtB5_12SourceConfigNtNtCs6RpC691fUBl_4core7default7Default7default
FNDA:2,_RNvXs1_NtCs2Yt0WxJROpx_6batuta6configNtB5_19TranspilationConfigNtNtCs6RpC691fUBl_4core7default7Default7default
FNDA:2,_RNvXs2_NtCs2Yt0WxJROpx_6batuta6configNtB5_10DecyConfigNtNtCs6RpC691fUBl_4core7default7Default7default
FNDA:2,_RNvXs3_NtCs2Yt0WxJROpx_6batuta6configNtB5_13DepylerConfigNtNtCs6RpC691fUBl_4core7default7Default7default
FNDA:2,_RNvXs4_NtCs2Yt0WxJROpx_6batuta6configNtB5_12BashrsConfigNtNtCs6RpC691fUBl_4core7default7Default7default
FNDA:2,_RNvXs5_NtCs2Yt0WxJROpx_6batuta6configNtB5_18OptimizationConfigNtNtCs6RpC691fUBl_4core7default7Default7default
FNDA:2,_RNvXs6_NtCs2Yt0WxJROpx_6batuta6configNtB5_12TruenoConfigNtNtCs6RpC691fUBl_4core7default7Default7default
FNDA:2,_RNvXs7_NtCs2Yt0WxJROpx_6batuta6configNtB5_16ValidationConfigNtNtCs6RpC691fUBl_4core7default7Default7default
FNDA:2,_RNvXs8_NtCs2Yt0WxJROpx_6batuta6configNtB5_13RenacerConfigNtNtCs6RpC691fUBl_4core7default7Default7default
FNDA:2,_RNvXs9_NtCs2Yt0WxJROpx_6batuta6configNtB5_11BuildConfigNtNtCs6RpC691fUBl_4core7default7Default7default
FNDA:2,_RNvXs_NtCs2Yt0WxJROpx_6batuta6configNtB4_13ProjectConfigNtNtCs6RpC691fUBl_4core7default7Default7default
FNDA:1,_RNvNtNtCsjH0PaGjVXp8_6batuta6config5testss_17test_config_clone
FNDA:1,_RNvNtNtCsjH0PaGjVXp8_6batuta6config5testss_22test_load_invalid_toml
FNDA:1,_RNvNtNtCsjH0PaGjVXp8_6batuta6config5testss_24test_config_modification
FNDA:1,_RNvNtNtCsjH0PaGjVXp8_6batuta6config5testss_24test_decy_config_default
FNDA:1,_RNvNtNtCsjH0PaGjVXp8_6batuta6config5testss_24test_from_analysis_basic
FNDA:1,_RNvNtNtCsjH0PaGjVXp8_6batuta6config5testss_25test_build_config_default
FNDA:1,_RNvNtNtCsjH0PaGjVXp8_6batuta6config5testss_25test_save_and_load_config
FNDA:1,_RNvNtNtCsjH0PaGjVXp8_6batuta6config5testss_25test_save_modified_config
FNDA:1,_RNvNtNtCsjH0PaGjVXp8_6batuta6config5testss_26test_bashrs_config_default
FNDA:1,_RNvNtNtCsjH0PaGjVXp8_6batuta6config5testss_26test_batuta_config_default
FNDA:1,_RNvNtNtCsjH0PaGjVXp8_6batuta6config5testss_26test_load_nonexistent_file
FNDA:1,_RNvNtNtCsjH0PaGjVXp8_6batuta6config5testss_26test_source_config_default
FNDA:1,_RNvNtNtCsjH0PaGjVXp8_6batuta6config5testss_26test_trueno_config_default
FNDA:1,_RNvNtNtCsjH0PaGjVXp8_6batuta6config5testss_27test_depyler_config_default
FNDA:1,_RNvNtNtCsjH0PaGjVXp8_6batuta6config5testss_27test_project_config_default
FNDA:1,_RNvNtNtCsjH0PaGjVXp8_6batuta6config5testss_27test_renacer_config_default
FNDA:1,_RNvNtNtCsjH0PaGjVXp8_6batuta6config5testss_28test_save_config_toml_format
FNDA:1,_RNvNtNtCsjH0PaGjVXp8_6batuta6config5testss_30test_full_toml_deserialization
FNDA:1,_RNvNtNtCsjH0PaGjVXp8_6batuta6config5testss_30test_validation_config_default
FNDA:1,_RNvNtNtCsjH0PaGjVXp8_6batuta6config5testss_31test_from_analysis_rust_project
FNDA:1,_RNvNtNtCsjH0PaGjVXp8_6batuta6config5testss_32test_optimization_config_default
FNDA:1,_RNvNtNtCsjH0PaGjVXp8_6batuta6config5testss_33test_decy_config_in_transpilation
FNDA:1,_RNvNtNtCsjH0PaGjVXp8_6batuta6config5testss_33test_renacer_config_in_validation
FNDA:1,_RNvNtNtCsjH0PaGjVXp8_6batuta6config5testss_33test_transpilation_config_default
FNDA:1,_RNvNtNtCsjH0PaGjVXp8_6batuta6config5testss_34test_modified_toml_deserialization
FNDA:1,_RNvNtNtCsjH0PaGjVXp8_6batuta6config5testss_34test_trueno_config_in_optimization
FNDA:1,_RNvNtNtCsjH0PaGjVXp8_6batuta6config5testss_35test_bashrs_config_in_transpilation
FNDA:1,_RNvNtNtCsjH0PaGjVXp8_6batuta6config5testss_36test_depyler_config_in_transpilation
FNDA:1,_RNvNtNtCsjH0PaGjVXp8_6batuta6config5testss_36test_save_config_creates_parent_dirs
FNDA:1,_RNvNtNtCsjH0PaGjVXp8_6batuta6config5testss_38test_from_analysis_no_primary_language
FNDA:1,_RNvNtNtCsjH0PaGjVXp8_6batuta6config5testss_39test_from_analysis_with_ml_dependencies
FNDA:1,_RNvNtNtCsjH0PaGjVXp8_6batuta6config5testss_39test_serialize_deserialize_with_vectors
FNDA:1,_RNvNtNtCsjH0PaGjVXp8_6batuta6config5testss_40test_serialize_deserialize_batuta_config
FNDA:1,_RNvNtNtCsjH0PaGjVXp8_6batuta6config5testss_42test_from_analysis_without_ml_dependencies
FNDA:1,_RNvNtNtCsjH0PaGjVXp8_6batuta6config5testss_47test_serialize_deserialize_with_optional_fields
FNDA:5,_RNvMsa_NtCsjH0PaGjVXp8_6batuta6configNtB5_12BatutaConfig13from_analysis
FNDA:4,_RNvMsa_NtCsjH0PaGjVXp8_6batuta6configNtB5_12BatutaConfig4load
FNDA:4,_RNvMsa_NtCsjH0PaGjVXp8_6batuta6configNtB5_12BatutaConfig4save
FNDA:22,_RNvXNtCsjH0PaGjVXp8_6batuta6configNtB2_12BatutaConfigNtNtCs6RpC691fUBl_4core7default7Default7default
FNDA:23,_RNvXs0_NtCsjH0PaGjVXp8_6batuta6configNtB5_12SourceConfigNtNtCs6RpC691fUBl_4core7default7Default7default
FNDA:23,_RNvXs1_NtCsjH0PaGjVXp8_6batuta6configNtB5_19TranspilationConfigNtNtCs6RpC691fUBl_4core7default7Default7default
FNDA:24,_RNvXs2_NtCsjH0PaGjVXp8_6batuta6configNtB5_10DecyConfigNtNtCs6RpC691fUBl_4core7default7Default7default
FNDA:24,_RNvXs3_NtCsjH0PaGjVXp8_6batuta6configNtB5_13DepylerConfigNtNtCs6RpC691fUBl_4core7default7Default7default
FNDA:24,_RNvXs4_NtCsjH0PaGjVXp8_6batuta6configNtB5_12BashrsConfigNtNtCs6RpC691fUBl_4core7default7Default7default
FNDA:23,_RNvXs5_NtCsjH0PaGjVXp8_6batuta6configNtB5_18OptimizationConfigNtNtCs6RpC691fUBl_4core7default7Default7default
FNDA:24,_RNvXs6_NtCsjH0PaGjVXp8_6batuta6configNtB5_12TruenoConfigNtNtCs6RpC691fUBl_4core7default7Default7default
FNDA:23,_RNvXs7_NtCsjH0PaGjVXp8_6batuta6configNtB5_16ValidationConfigNtNtCs6RpC691fUBl_4core7default7Default7default
FNDA:24,_RNvXs8_NtCsjH0PaGjVXp8_6batuta6configNtB5_13RenacerConfigNtNtCs6RpC691fUBl_4core7default7Default7default
FNDA:23,_RNvXs9_NtCsjH0PaGjVXp8_6batuta6configNtB5_11BuildConfigNtNtCs6RpC691fUBl_4core7default7Default7default
FNDA:23,_RNvXs_NtCsjH0PaGjVXp8_6batuta6configNtB4_13ProjectConfigNtNtCs6RpC691fUBl_4core7default7Default7default
FNDA:5,_RNvMsa_NtCshEp7d2sUZm6_6batuta6configNtB5_12BatutaConfig13from_analysis
FNDA:4,_RNvMsa_NtCshEp7d2sUZm6_6batuta6configNtB5_12BatutaConfig4load
FNDA:4,_RNvMsa_NtCshEp7d2sUZm6_6batuta6configNtB5_12BatutaConfig4save
FNDA:22,_RNvXNtCshEp7d2sUZm6_6batuta6configNtB2_12BatutaConfigNtNtCs6RpC691fUBl_4core7default7Default7default
FNDA:23,_RNvXs0_NtCshEp7d2sUZm6_6batuta6configNtB5_12SourceConfigNtNtCs6RpC691fUBl_4core7default7Default7default
FNDA:23,_RNvXs1_NtCshEp7d2sUZm6_6batuta6configNtB5_19TranspilationConfigNtNtCs6RpC691fUBl_4core7default7Default7default
FNDA:24,_RNvXs2_NtCshEp7d2sUZm6_6batuta6configNtB5_10DecyConfigNtNtCs6RpC691fUBl_4core7default7Default7default
FNDA:24,_RNvXs3_NtCshEp7d2sUZm6_6batuta6configNtB5_13DepylerConfigNtNtCs6RpC691fUBl_4core7default7Default7default
FNDA:24,_RNvXs4_NtCshEp7d2sUZm6_6batuta6configNtB5_12BashrsConfigNtNtCs6RpC691fUBl_4core7default7Default7default
FNDA:23,_RNvXs5_NtCshEp7d2sUZm6_6batuta6configNtB5_18OptimizationConfigNtNtCs6RpC691fUBl_4core7default7Default7default
FNDA:24,_RNvXs6_NtCshEp7d2sUZm6_6batuta6configNtB5_12TruenoConfigNtNtCs6RpC691fUBl_4core7default7Default7default
FNDA:23,_RNvXs7_NtCshEp7d2sUZm6_6batuta6configNtB5_16ValidationConfigNtNtCs6RpC691fUBl_4core7default7Default7default
FNDA:24,_RNvXs8_NtCshEp7d2sUZm6_6batuta6configNtB5_13RenacerConfigNtNtCs6RpC691fUBl_4core7default7Default7default
FNDA:23,_RNvXs9_NtCshEp7d2sUZm6_6batuta6configNtB5_11BuildConfigNtNtCs6RpC691fUBl_4core7default7Default7default
FNDA:23,_RNvXs_NtCshEp7d2sUZm6_6batuta6configNtB4_13ProjectConfigNtNtCs6RpC691fUBl_4core7default7Default7default
FNDA:1,_RNvNtNtCshEp7d2sUZm6_6batuta6config5testss_17test_config_clone
FNDA:1,_RNvNtNtCshEp7d2sUZm6_6batuta6config5testss_22test_load_invalid_toml
FNDA:1,_RNvNtNtCshEp7d2sUZm6_6batuta6config5testss_24test_config_modification
FNDA:1,_RNvNtNtCshEp7d2sUZm6_6batuta6config5testss_24test_decy_config_default
FNDA:1,_RNvNtNtCshEp7d2sUZm6_6batuta6config5testss_24test_from_analysis_basic
FNDA:1,_RNvNtNtCshEp7d2sUZm6_6batuta6config5testss_25test_build_config_default
FNDA:1,_RNvNtNtCshEp7d2sUZm6_6batuta6config5testss_25test_save_and_load_config
FNDA:1,_RNvNtNtCshEp7d2sUZm6_6batuta6config5testss_25test_save_modified_config
FNDA:1,_RNvNtNtCshEp7d2sUZm6_6batuta6config5testss_26test_bashrs_config_default
FNDA:1,_RNvNtNtCshEp7d2sUZm6_6batuta6config5testss_26test_batuta_config_default
FNDA:1,_RNvNtNtCshEp7d2sUZm6_6batuta6config5testss_26test_load_nonexistent_file
FNDA:1,_RNvNtNtCshEp7d2sUZm6_6batuta6config5testss_26test_source_config_default
FNDA:1,_RNvNtNtCshEp7d2sUZm6_6batuta6config5testss_26test_trueno_config_default
FNDA:1,_RNvNtNtCshEp7d2sUZm6_6batuta6config5testss_27test_depyler_config_default
FNDA:1,_RNvNtNtCshEp7d2sUZm6_6batuta6config5testss_27test_project_config_default
[...]
FNDA:1,_RNvNtNtCshEp7d2sUZm6_6batuta5types5testss_48test_project_analysis_has_ml_dependencies_poetry
FNDA:1,_RNvNtNtCshEp7d2sUZm6_6batuta5types5testss_48test_project_analysis_recommend_transpiler_other
FNDA:1,_RNvNtNtCshEp7d2sUZm6_6batuta5types5testss_48test_project_analysis_recommend_transpiler_shell
FNDA:1,_RNvNtNtCshEp7d2sUZm6_6batuta5types5testss_49test_project_analysis_recommend_transpiler_python
FNDA:111,_RNvMNtCshEp7d2sUZm6_6batuta5typesNtB2_13WorkflowPhase3all
FNDA:40,_RNvMNtCshEp7d2sUZm6_6batuta5typesNtB2_13WorkflowPhase4next
FNDA:215,_RNvMs1_NtCshEp7d2sUZm6_6batuta5typesNtB5_9PhaseInfo3new
FNDA:2,_RNvMs1_NtCshEp7d2sUZm6_6batuta5typesNtB5_9PhaseInfo4fail
FNDA:69,_RNvMs1_NtCshEp7d2sUZm6_6batuta5typesNtB5_9PhaseInfo5start
FNDA:36,_RNvMs1_NtCshEp7d2sUZm6_6batuta5typesNtB5_9PhaseInfo8complete
FNDA:1,_RNvMs3_NtCshEp7d2sUZm6_6batuta5typesNtB5_13WorkflowState10fail_phase
FNDA:66,_RNvMs3_NtCshEp7d2sUZm6_6batuta5typesNtB5_13WorkflowState11start_phase
FNDA:35,_RNvMs3_NtCshEp7d2sUZm6_6batuta5typesNtB5_13WorkflowState14complete_phase
FNDA:13,_RNvMs3_NtCshEp7d2sUZm6_6batuta5typesNtB5_13WorkflowState16get_phase_status
FNDA:3,_RNvMs3_NtCshEp7d2sUZm6_6batuta5typesNtB5_13WorkflowState18is_phase_completed
FNDA:36,_RNvMs3_NtCshEp7d2sUZm6_6batuta5typesNtB5_13WorkflowState19progress_percentage
FNDA:42,_RNvMs3_NtCshEp7d2sUZm6_6batuta5typesNtB5_13WorkflowState3new
FNDA:2,_RNvMs3_NtCshEp7d2sUZm6_6batuta5typesNtB5_13WorkflowState4load
FNDA:1,_RNvMs3_NtCshEp7d2sUZm6_6batuta5typesNtB5_13WorkflowState4save
FNDA:41,_RNvMs6_NtCshEp7d2sUZm6_6batuta5typesNtB5_15ProjectAnalysis19has_ml_dependencies
FNDA:38,_RNvMs6_NtCshEp7d2sUZm6_6batuta5typesNtB5_15ProjectAnalysis20recommend_transpiler
FNDA:54,_RNvMs6_NtCshEp7d2sUZm6_6batuta5typesNtB5_15ProjectAnalysis3new
FNDA:159,_RNvXs0_NtCshEp7d2sUZm6_6batuta5typesNtB5_11PhaseStatusNtNtCs6RpC691fUBl_4core3fmt7Display3fmt
FNDA:1,_RNvXs2_NtCshEp7d2sUZm6_6batuta5typesNtB5_13WorkflowStateNtNtCs6RpC691fUBl_4core7default7Default7default
FNDA:87,_RNvXs4_NtCshEp7d2sUZm6_6batuta5typesNtB5_8LanguageNtNtCs6RpC691fUBl_4core3fmt7Display3fmt
FNDA:35,_RNvXs5_NtCshEp7d2sUZm6_6batuta5typesNtB5_17DependencyManagerNtNtCs6RpC691fUBl_4core3fmt7Display3fmt
FNDA:160,_RNvXs_NtCshEp7d2sUZm6_6batuta5typesNtB4_13WorkflowPhaseNtNtCs6RpC691fUBl_4core3fmt7Display3fmt
FNDA:180,_RNCNvMs3_NtCshEp7d2sUZm6_6batuta5typesNtB7_13WorkflowState19progress_percentage0B9_
FNDA:30,_RNCNvMs6_NtCshEp7d2sUZm6_6batuta5typesNtB7_15ProjectAnalysis19has_ml_dependencies0B9_
FNDA:0,_RNvMNtCsc3xvWSUKV5Z_6batuta5typesNtB2_13WorkflowPhase3all
FNDA:0,_RNvMNtCsc3xvWSUKV5Z_6batuta5typesNtB2_13WorkflowPhase4next
FNDA:0,_RNvMs1_NtCsc3xvWSUKV5Z_6batuta5typesNtB5_9PhaseInfo3new
FNDA:0,_RNvMs1_NtCsc3xvWSUKV5Z_6batuta5typesNtB5_9PhaseInfo4fail
FNDA:0,_RNvMs1_NtCsc3xvWSUKV5Z_6batuta5typesNtB5_9PhaseInfo5start
FNDA:0,_RNvMs1_NtCsc3xvWSUKV5Z_6batuta5typesNtB5_9PhaseInfo8complete
FNDA:0,_RNvMs3_NtCsc3xvWSUKV5Z_6batuta5typesNtB5_13WorkflowState10fail_phase
FNDA:0,_RNvMs3_NtCsc3xvWSUKV5Z_6batuta5typesNtB5_13WorkflowState11start_phase
FNDA:0,_RNvMs3_NtCsc3xvWSUKV5Z_6batuta5typesNtB5_13WorkflowState14complete_phase
FNDA:0,_RNvMs3_NtCsc3xvWSUKV5Z_6batuta5typesNtB5_13WorkflowState16get_phase_status
FNDA:0,_RNvMs3_NtCsc3xvWSUKV5Z_6batuta5typesNtB5_13WorkflowState18is_phase_completed
FNDA:0,_RNvMs3_NtCsc3xvWSUKV5Z_6batuta5typesNtB5_13WorkflowState19progress_percentage
FNDA:0,_RNvMs3_NtCsc3xvWSUKV5Z_6batuta5typesNtB5_13WorkflowState3new
FNDA:0,_RNvMs3_NtCsc3xvWSUKV5Z_6batuta5typesNtB5_13WorkflowState4load
FNDA:0,_RNvMs3_NtCsc3xvWSUKV5Z_6batuta5typesNtB5_13WorkflowState4save
FNDA:0,_RNvMs6_NtCsc3xvWSUKV5Z_6batuta5typesNtB5_15ProjectAnalysis19has_ml_dependencies
FNDA:0,_RNvMs6_NtCsc3xvWSUKV5Z_6batuta5typesNtB5_15ProjectAnalysis20recommend_transpiler
FNDA:0,_RNvMs6_NtCsc3xvWSUKV5Z_6batuta5typesNtB5_15ProjectAnalysis3new
FNDA:0,_RNvXs0_NtCsc3xvWSUKV5Z_6batuta5typesNtB5_11PhaseStatusNtNtCs6RpC691fUBl_4core3fmt7Display3fmt
FNDA:0,_RNvXs2_NtCsc3xvWSUKV5Z_6batuta5typesNtB5_13WorkflowStateNtNtCs6RpC691fUBl_4core7default7Default7default
FNDA:0,_RNvXs4_NtCsc3xvWSUKV5Z_6batuta5typesNtB5_8LanguageNtNtCs6RpC691fUBl_4core3fmt7Display3fmt
FNDA:0,_RNvXs5_NtCsc3xvWSUKV5Z_6batuta5typesNtB5_17DependencyManagerNtNtCs6RpC691fUBl_4core3fmt7Display3fmt
FNDA:0,_RNvXs_NtCsc3xvWSUKV5Z_6batuta5typesNtB4_13WorkflowPhaseNtNtCs6RpC691fUBl_4core3fmt7Display3fmt
FNDA:0,_RNCNvMs3_NtCsc3xvWSUKV5Z_6batuta5typesNtB7_13WorkflowState19progress_percentage0B9_
FNDA:0,_RNCNvMs6_NtCsc3xvWSUKV5Z_6batuta5typesNtB7_15ProjectAnalysis19has_ml_dependencies0B9_
FNF:71
FNH:71
DA:16,90
DA:17,90
DA:18,78
DA:19,4
DA:20,2
DA:21,2
DA:22,4
DA:24,90
DA:27,306
DA:28,306
DA:29,306
DA:30,306
DA:31,306
DA:32,306
DA:33,306
DA:35,306
DA:39,480
DA:40,480
DA:41,96
DA:42,96
DA:43,96
DA:44,96
DA:45,96
DA:47,480
DA:60,463
DA:61,463
DA:62,345
DA:63,50
DA:64,65
DA:65,3
DA:67,463
DA:81,545
DA:82,545
DA:83,545
DA:84,545
DA:85,545
DA:86,545
DA:87,545
DA:88,545
DA:89,545
DA:91,149
DA:92,149
DA:93,149
DA:94,149
DA:96,82
DA:97,82
DA:98,82
DA:99,82
DA:101,7
DA:102,7
DA:103,7
DA:104,7
DA:105,7
DA:116,2
DA:117,2
DA:118,2
DA:122,107
DA:123,107
DA:124,535
DA:125,535
DA:126,535
DA:128,107
DA:129,107
DA:130,107
DA:131,107
DA:132,107
DA:135,37
DA:136,37
DA:137,25
DA:138,12
DA:140,12
DA:141,12
DA:142,12
DA:143,37
DA:146,26
DA:147,26
DA:148,26
DA:149,26
DA:150,26
DA:153,143
DA:154,143
DA:155,143
DA:156,143
DA:157,143
DA:158,143
DA:161,80
DA:162,80
DA:163,80
DA:164,80
DA:167,80
DA:168,78
DA:169,78
DA:170,2
DA:171,2
DA:172,80
DA:175,5
DA:176,5
DA:177,5
DA:178,5
DA:179,5
DA:180,5
DA:183,39
DA:184,39
DA:185,39
DA:186,39
DA:187,39
DA:188,39
DA:191,19
DA:192,19
DA:193,19
DA:196,101
DA:197,101
DA:198,101
DA:199,101
DA:200,101
DA:201,505
DA:202,101
DA:204,101
DA:205,101
DA:224,192
DA:225,192
DA:226,113
DA:227,2
DA:228,2
DA:229,62
DA:230,3
DA:231,2
DA:232,2
DA:233,2
DA:234,2
DA:235,2
DA:237,192
DA:257,71
DA:258,71
DA:259,51
DA:260,2
DA:261,2
DA:262,2
DA:263,2
DA:264,2
DA:265,2
DA:266,2
DA:267,2
DA:268,2
DA:269,2
DA:271,71
DA:304,125
DA:305,125
DA:306,125
DA:307,125
DA:308,125
DA:309,125
DA:310,125
DA:311,125
DA:312,125
DA:313,125
DA:314,125
DA:316,82
DA:317,82
DA:318,53
DA:319,4
DA:320,2
DA:321,5
DA:322,2
DA:324,82
DA:326,90
DA:328,90
DA:329,2
DA:330,61
DA:333,61
DA:334,90
DA:346,2
DA:347,2
DA:348,2
DA:351,2
DA:352,2
DA:355,2
DA:356,2
DA:359,2
DA:360,2
DA:363,2
DA:364,2
DA:367,2
DA:368,2
DA:369,2
DA:370,2
DA:371,2
DA:372,2
DA:373,2
DA:374,2
DA:375,2
DA:378,2
DA:379,2
DA:380,2
DA:381,2
DA:382,2
DA:383,2
DA:384,2
DA:387,2
DA:388,2
DA:389,2
DA:390,2
DA:391,2
DA:392,2
DA:399,2
DA:400,2
DA:401,2
DA:402,2
DA:403,2
DA:404,2
DA:407,2
DA:408,2
DA:409,2
DA:410,2
DA:411,2
DA:412,2
DA:415,2
DA:416,2
DA:417,2
DA:418,2
DA:419,2
DA:420,2
DA:427,2
DA:428,2
DA:429,2
DA:430,2
DA:431,2
DA:432,2
DA:433,2
DA:434,2
DA:437,2
DA:438,2
DA:439,2
DA:440,2
DA:441,2
DA:442,2
DA:443,2
DA:446,2
DA:447,2
DA:448,2
DA:449,2
DA:450,2
DA:451,2
DA:452,2
DA:453,2
DA:454,2
DA:457,2
DA:458,2
DA:459,2
DA:460,2
DA:461,2
DA:462,2
DA:463,2
DA:464,2
DA:467,2
DA:468,2
DA:469,2
DA:470,2
DA:471,2
DA:472,2
DA:473,2
DA:480,2
DA:481,2
DA:482,2
DA:483,2
DA:485,10
DA:486,10
DA:487,10
DA:488,10
DA:492,2
DA:495,2
DA:496,2
DA:497,2
DA:498,2
DA:499,2
DA:502,2
DA:503,2
DA:504,2
DA:506,2
DA:507,2
DA:508,2
DA:511,2
DA:514,2
DA:515,2
DA:516,2
DA:517,2
DA:519,2
DA:520,2
DA:524,2
DA:525,2
DA:528,2
DA:529,2
DA:530,2
DA:531,2
DA:533,2
DA:534,2
DA:538,2
DA:539,2
DA:542,2
DA:543,2
DA:544,2
DA:545,2
DA:547,2
DA:548,2
DA:551,2
DA:553,2
DA:554,2
DA:555,2
DA:558,2
DA:559,2
DA:560,2
DA:562,2
DA:563,2
DA:565,2
DA:566,2
DA:567,2
DA:570,2
DA:571,2
DA:572,2
DA:574,2
DA:575,2
DA:576,2
DA:578,2
DA:579,2
DA:580,2
DA:581,2
DA:584,2
DA:587,2
DA:588,2
DA:590,2
DA:591,2
DA:592,2
DA:594,2
DA:595,2
DA:597,2
DA:598,2
DA:599,2
DA:600,2
DA:603,2
DA:606,2
DA:609,2
DA:610,2
DA:612,2
DA:613,2
DA:614,2
DA:615,2
DA:622,2
DA:623,2
DA:624,2
DA:625,2
DA:626,2
DA:627,2
DA:628,2
DA:629,2
DA:630,2
DA:631,2
DA:632,2
DA:633,2
DA:636,2
DA:637,2
DA:638,2
DA:639,2
DA:640,2
DA:641,2
DA:643,2
DA:646,2
DA:647,2
DA:648,2
DA:649,2
DA:650,2
DA:652,2
DA:653,2
DA:654,2
DA:655,2
DA:656,2
DA:663,2
DA:664,2
DA:665,2
DA:666,2
DA:667,2
DA:668,2
DA:669,2
DA:670,2
DA:671,2
DA:672,2
DA:673,2
DA:674,2
DA:675,2
DA:678,2
DA:679,2
DA:680,2
DA:681,2
DA:684,2
DA:685,2
DA:686,2
DA:687,2
DA:688,2
DA:689,2
DA:696,2
DA:697,2
DA:698,2
DA:699,2
DA:700,2
DA:701,2
DA:703,2
DA:704,2
DA:705,2
DA:706,2
DA:709,2
DA:710,2
DA:711,2
DA:712,2
DA:713,2
DA:714,2
DA:716,2
DA:717,2
DA:719,2
DA:720,2
DA:721,2
DA:722,2
DA:729,2
DA:730,2
DA:731,2
DA:732,2
DA:733,2
DA:734,2
DA:735,2
DA:737,2
DA:738,2
DA:739,2
DA:740,2
DA:741,2
DA:744,2
DA:745,2
DA:746,2
DA:747,2
DA:748,2
DA:749,2
DA:750,2
DA:752,2
DA:753,2
DA:755,2
DA:756,2
DA:757,2
DA:758,2
DA:759,2
DA:766,2
DA:767,2
DA:769,2
DA:770,2
DA:771,2
DA:772,2
DA:773,2
DA:774,2
DA:775,2
DA:776,2
DA:779,2
DA:780,2
DA:781,2
DA:783,2
DA:784,2
DA:787,2
DA:790,2
DA:791,2
DA:792,2
DA:794,2
DA:795,2
DA:798,2
DA:801,2
DA:802,2
DA:803,2
DA:805,2
DA:806,2
DA:809,2
DA:812,2
DA:813,2
DA:814,2
DA:816,2
DA:817,2
DA:820,2
DA:823,2
DA:824,2
DA:825,2
DA:827,2
DA:828,2
DA:831,2
DA:834,2
DA:835,2
DA:836,2
DA:838,2
DA:839,2
DA:842,2
DA:843,2
DA:844,2
DA:845,2
DA:848,2
DA:849,2
DA:850,2
DA:851,2
DA:852,2
DA:853,2
DA:854,2
DA:856,2
DA:857,2
DA:860,2
DA:861,2
DA:862,2
DA:863,2
DA:864,2
DA:865,2
DA:866,2
DA:868,2
DA:869,2
DA:872,2
DA:873,2
DA:874,2
DA:875,2
DA:876,2
DA:877,2
DA:878,2
DA:880,2
DA:881,2
DA:884,2
DA:885,2
DA:886,2
DA:887,2
DA:888,2
DA:889,2
DA:890,2
DA:892,2
DA:893,2
DA:896,2
DA:897,2
DA:898,2
DA:899,2
DA:902,2
DA:903,2
DA:904,2
DA:905,2
DA:906,2
DA:907,2
DA:909,2
DA:910,2
DA:912,2
DA:913,2
DA:914,2
DA:915,2
DA:916,2
DA:917,2
BRF:0
BRH:0
LF:551
LH:551
end_of_record
SF:/home/noah/src/batuta/src/wasm.rs
FN:110,_RNCNvMse_NtCsjH0PaGjVXp8_6batuta4wasmNtB7_14AnalysisResult7to_json0B9_
FN:163,_RNCNvMsv_NtCsjH0PaGjVXp8_6batuta4wasmNtB7_16ConversionResult7to_json0B9_
FN:240,_RNCNvNtCsjH0PaGjVXp8_6batuta4wasm13convert_numpy0B5_
FN:334,_RNCNvNtCsjH0PaGjVXp8_6batuta4wasm15convert_pytorch0B5_
FN:286,_RNCNvNtCsjH0PaGjVXp8_6batuta4wasm15convert_sklearn0B5_
FN:96,_RNvMse_NtCsjH0PaGjVXp8_6batuta4wasmNtB5_14AnalysisResult11has_pytorch
FN:90,_RNvMse_NtCsjH0PaGjVXp8_6batuta4wasmNtB5_14AnalysisResult11has_sklearn
FN:102,_RNvMse_NtCsjH0PaGjVXp8_6batuta4wasmNtB5_14AnalysisResult13lines_of_code
FN:108,_RNvMse_NtCsjH0PaGjVXp8_6batuta4wasmNtB5_14AnalysisResult7to_json
FN:78,_RNvMse_NtCsjH0PaGjVXp8_6batuta4wasmNtB5_14AnalysisResult8language
FN:84,_RNvMse_NtCsjH0PaGjVXp8_6batuta4wasmNtB5_14AnalysisResult9has_numpy
FN:155,_RNvMsv_NtCsjH0PaGjVXp8_6batuta4wasmNtB5_16ConversionResult10complexity
FN:131,_RNvMsv_NtCsjH0PaGjVXp8_6batuta4wasmNtB5_16ConversionResult13original_code
FN:149,_RNvMsv_NtCsjH0PaGjVXp8_6batuta4wasmNtB5_16ConversionResult22backend_recommendation
FN:143,_RNvMsv_NtCsjH0PaGjVXp8_6batuta4wasmNtB5_16ConversionResult7imports
FN:161,_RNvMsv_NtCsjH0PaGjVXp8_6batuta4wasmNtB5_16ConversionResult7to_json
FN:137,_RNvMsv_NtCsjH0PaGjVXp8_6batuta4wasmNtB5_16ConversionResult9rust_code
FN:176,_RNvNtCsjH0PaGjVXp8_6batuta4wasm12analyze_code
FN:216,_RNvNtCsjH0PaGjVXp8_6batuta4wasm13convert_numpy
FN:310,_RNvNtCsjH0PaGjVXp8_6batuta4wasm15convert_pytorch
FN:264,_RNvNtCsjH0PaGjVXp8_6batuta4wasm15convert_sklearn
FN:358,_RNvNtCsjH0PaGjVXp8_6batuta4wasm17backend_recommend
FN:386,_RNvNtCsjH0PaGjVXp8_6batuta4wasm7version
FN:53,_RNvNtCsjH0PaGjVXp8_6batuta4wasm9wasm_init
FN:419,_RNvNtNtCsjH0PaGjVXp8_6batuta4wasm5testss_34test_analysis_result_serialization
FN:503,_RNvNtNtCsjH0PaGjVXp8_6batuta4wasm5testss_35test_conversion_result_all_backends
FN:484,_RNvNtNtCsjH0PaGjVXp8_6batuta4wasm5testss_36test_conversion_result_serialization
FN:438,_RNvNtNtCsjH0PaGjVXp8_6batuta4wasm5testss_39test_analysis_result_multiple_languages
FN:400,_RNvNtNtCsjH0PaGjVXp8_6batuta4wasm5testss_40test_analysis_result_direct_construction
FN:466,_RNvNtNtCsjH0PaGjVXp8_6batuta4wasm5testss_42test_conversion_result_direct_construction
FN:110,_RNCNvMse_NtCsc3xvWSUKV5Z_6batuta4wasmNtB7_14AnalysisResult7to_json0B9_
FN:163,_RNCNvMsv_NtCsc3xvWSUKV5Z_6batuta4wasmNtB7_16ConversionResult7to_json0B9_
FN:240,_RNCNvNtCsc3xvWSUKV5Z_6batuta4wasm13convert_numpy0B5_
FN:334,_RNCNvNtCsc3xvWSUKV5Z_6batuta4wasm15convert_pytorch0B5_
FN:286,_RNCNvNtCsc3xvWSUKV5Z_6batuta4wasm15convert_sklearn0B5_
FN:96,_RNvMse_NtCsc3xvWSUKV5Z_6batuta4wasmNtB5_14AnalysisResult11has_pytorch
FN:90,_RNvMse_NtCsc3xvWSUKV5Z_6batuta4wasmNtB5_14AnalysisResult11has_sklearn
FN:102,_RNvMse_NtCsc3xvWSUKV5Z_6batuta4wasmNtB5_14AnalysisResult13lines_of_code
FN:108,_RNvMse_NtCsc3xvWSUKV5Z_6batuta4wasmNtB5_14AnalysisResult7to_json
FN:78,_RNvMse_NtCsc3xvWSUKV5Z_6batuta4wasmNtB5_14AnalysisResult8language
FN:84,_RNvMse_NtCsc3xvWSUKV5Z_6batuta4wasmNtB5_14AnalysisResult9has_numpy
FN:155,_RNvMsv_NtCsc3xvWSUKV5Z_6batuta4wasmNtB5_16ConversionResult10complexity
FN:131,_RNvMsv_NtCsc3xvWSUKV5Z_6batuta4wasmNtB5_16ConversionResult13original_code
FN:149,_RNvMsv_NtCsc3xvWSUKV5Z_6batuta4wasmNtB5_16ConversionResult22backend_recommendation
FN:143,_RNvMsv_NtCsc3xvWSUKV5Z_6batuta4wasmNtB5_16ConversionResult7imports
FN:161,_RNvMsv_NtCsc3xvWSUKV5Z_6batuta4wasmNtB5_16ConversionResult7to_json
FN:137,_RNvMsv_NtCsc3xvWSUKV5Z_6batuta4wasmNtB5_16ConversionResult9rust_code
FN:176,_RNvNtCsc3xvWSUKV5Z_6batuta4wasm12analyze_code
FN:216,_RNvNtCsc3xvWSUKV5Z_6batuta4wasm13convert_numpy
FN:310,_RNvNtCsc3xvWSUKV5Z_6batuta4wasm15convert_pytorch
FN:264,_RNvNtCsc3xvWSUKV5Z_6batuta4wasm15convert_sklearn
FN:358,_RNvNtCsc3xvWSUKV5Z_6batuta4wasm17backend_recommend
FN:386,_RNvNtCsc3xvWSUKV5Z_6batuta4wasm7version
FN:53,_RNvNtCsc3xvWSUKV5Z_6batuta4wasm9wasm_init
FNDA:0,_RNCNvMse_NtCsjH0PaGjVXp8_6batuta4wasmNtB7_14AnalysisResult7to_json0B9_
FNDA:0,_RNCNvMsv_NtCsjH0PaGjVXp8_6batuta4wasmNtB7_16ConversionResult7to_json0B9_
FNDA:0,_RNCNvNtCsjH0PaGjVXp8_6batuta4wasm13convert_numpy0B5_
FNDA:0,_RNCNvNtCsjH0PaGjVXp8_6batuta4wasm15convert_pytorch0B5_
FNDA:0,_RNCNvNtCsjH0PaGjVXp8_6batuta4wasm15convert_sklearn0B5_
FNDA:0,_RNvMse_NtCsjH0PaGjVXp8_6batuta4wasmNtB5_14AnalysisResult11has_pytorch
FNDA:0,_RNvMse_NtCsjH0PaGjVXp8_6batuta4wasmNtB5_14AnalysisResult11has_sklearn
FNDA:0,_RNvMse_NtCsjH0PaGjVXp8_6batuta4wasmNtB5_14AnalysisResult13lines_of_code
FNDA:0,_RNvMse_NtCsjH0PaGjVXp8_6batuta4wasmNtB5_14AnalysisResult7to_json
FNDA:0,_RNvMse_NtCsjH0PaGjVXp8_6batuta4wasmNtB5_14AnalysisResult8language
FNDA:0,_RNvMse_NtCsjH0PaGjVXp8_6batuta4wasmNtB5_14AnalysisResult9has_numpy
FNDA:0,_RNvMsv_NtCsjH0PaGjVXp8_6batuta4wasmNtB5_16ConversionResult10complexity
FNDA:0,_RNvMsv_NtCsjH0PaGjVXp8_6batuta4wasmNtB5_16ConversionResult13original_code
FNDA:0,_RNvMsv_NtCsjH0PaGjVXp8_6batuta4wasmNtB5_16ConversionResult22backend_recommendation
FNDA:0,_RNvMsv_NtCsjH0PaGjVXp8_6batuta4wasmNtB5_16ConversionResult7imports
FNDA:0,_RNvMsv_NtCsjH0PaGjVXp8_6batuta4wasmNtB5_16ConversionResult7to_json
FNDA:0,_RNvMsv_NtCsjH0PaGjVXp8_6batuta4wasmNtB5_16ConversionResult9rust_code
FNDA:0,_RNvNtCsjH0PaGjVXp8_6batuta4wasm12analyze_code
FNDA:0,_RNvNtCsjH0PaGjVXp8_6batuta4wasm13convert_numpy
FNDA:0,_RNvNtCsjH0PaGjVXp8_6batuta4wasm15convert_pytorch
FNDA:0,_RNvNtCsjH0PaGjVXp8_6batuta4wasm15convert_sklearn
FNDA:0,_RNvNtCsjH0PaGjVXp8_6batuta4wasm17backend_recommend
FNDA:0,_RNvNtCsjH0PaGjVXp8_6batuta4wasm7version
FNDA:0,_RNvNtCsjH0PaGjVXp8_6batuta4wasm9wasm_init
FNDA:1,_RNvNtNtCsjH0PaGjVXp8_6batuta4wasm5testss_34test_analysis_result_serialization
FNDA:1,_RNvNtNtCsjH0PaGjVXp8_6batuta4wasm5testss_35test_conversion_result_all_backends
FNDA:1,_RNvNtNtCsjH0PaGjVXp8_6batuta4wasm5testss_36test_conversion_result_serialization
FNDA:1,_RNvNtNtCsjH0PaGjVXp8_6batuta4wasm5testss_39test_analysis_result_multiple_languages
FNDA:1,_RNvNtNtCsjH0PaGjVXp8_6batuta4wasm5testss_40test_analysis_result_direct_construction
FNDA:1,_RNvNtNtCsjH0PaGjVXp8_6batuta4wasm5testss_42test_conversion_result_direct_construction
FNDA:0,_RNCNvMse_NtCsc3xvWSUKV5Z_6batuta4wasmNtB7_14AnalysisResult7to_json0B9_
FNDA:0,_RNCNvMsv_NtCsc3xvWSUKV5Z_6batuta4wasmNtB7_16ConversionResult7to_json0B9_
FNDA:0,_RNCNvNtCsc3xvWSUKV5Z_6batuta4wasm13convert_numpy0B5_
FNDA:0,_RNCNvNtCsc3xvWSUKV5Z_6batuta4wasm15convert_pytorch0B5_
FNDA:0,_RNCNvNtCsc3xvWSUKV5Z_6batuta4wasm15convert_sklearn0B5_
FNDA:0,_RNvMse_NtCsc3xvWSUKV5Z_6batuta4wasmNtB5_14AnalysisResult11has_pytorch
FNDA:0,_RNvMse_NtCsc3xvWSUKV5Z_6batuta4wasmNtB5_14AnalysisResult11has_sklearn
FNDA:0,_RNvMse_NtCsc3xvWSUKV5Z_6batuta4wasmNtB5_14AnalysisResult13lines_of_code
FNDA:0,_RNvMse_NtCsc3xvWSUKV5Z_6batuta4wasmNtB5_14AnalysisResult7to_json
FNDA:0,_RNvMse_NtCsc3xvWSUKV5Z_6batuta4wasmNtB5_14AnalysisResult8language
FNDA:0,_RNvMse_NtCsc3xvWSUKV5Z_6batuta4wasmNtB5_14AnalysisResult9has_numpy
FNDA:0,_RNvMsv_NtCsc3xvWSUKV5Z_6batuta4wasmNtB5_16ConversionResult10complexity
FNDA:0,_RNvMsv_NtCsc3xvWSUKV5Z_6batuta4wasmNtB5_16ConversionResult13original_code
FNDA:0,_RNvMsv_NtCsc3xvWSUKV5Z_6batuta4wasmNtB5_16ConversionResult22backend_recommendation
FNDA:0,_RNvMsv_NtCsc3xvWSUKV5Z_6batuta4wasmNtB5_16ConversionResult7imports
FNDA:0,_RNvMsv_NtCsc3xvWSUKV5Z_6batuta4wasmNtB5_16ConversionResult7to_json
FNDA:0,_RNvMsv_NtCsc3xvWSUKV5Z_6batuta4wasmNtB5_16ConversionResult9rust_code
FNDA:0,_RNvNtCsc3xvWSUKV5Z_6batuta4wasm12analyze_code
FNDA:0,_RNvNtCsc3xvWSUKV5Z_6batuta4wasm13convert_numpy
FNDA:0,_RNvNtCsc3xvWSUKV5Z_6batuta4wasm15convert_pytorch
FNDA:0,_RNvNtCsc3xvWSUKV5Z_6batuta4wasm15convert_sklearn
FNDA:0,_RNvNtCsc3xvWSUKV5Z_6batuta4wasm17backend_recommend
FNDA:0,_RNvNtCsc3xvWSUKV5Z_6batuta4wasm7version
FNDA:0,_RNvNtCsc3xvWSUKV5Z_6batuta4wasm9wasm_init
FNF:30
FNH:6
DA:53,0
DA:58,0
DA:59,0
DA:78,0
DA:79,0
DA:80,0
DA:84,0
DA:85,0
DA:86,0
DA:90,0
DA:91,0
DA:92,0
DA:96,0
DA:97,0
DA:98,0
DA:102,0
DA:103,0
DA:104,0
DA:108,0
DA:109,0
DA:110,0
DA:111,0
DA:131,0
DA:132,0
DA:133,0
DA:137,0
DA:138,0
DA:139,0
DA:143,0
DA:144,0
DA:145,0
DA:149,0
DA:150,0
DA:151,0
DA:155,0
DA:156,0
DA:157,0
DA:161,0
DA:162,0
DA:163,0
DA:164,0
DA:176,0
DA:177,0
DA:180,0
DA:181,0
DA:182,0
DA:183,0
DA:184,0
DA:185,0
DA:186,0
DA:187,0
DA:189,0
DA:193,0
DA:194,0
DA:195,0
DA:197,0
DA:198,0
DA:199,0
DA:200,0
DA:201,0
DA:202,0
DA:203,0
DA:204,0
DA:216,0
DA:217,0
DA:220,0
DA:221,0
DA:222,0
DA:223,0
DA:224,0
DA:225,0
DA:226,0
DA:227,0
DA:228,0
DA:229,0
DA:230,0
DA:231,0
DA:232,0
DA:233,0
DA:235,0
DA:238,0
DA:239,0
DA:240,0
DA:242,0
DA:243,0
DA:245,0
DA:246,0
DA:247,0
DA:248,0
DA:249,0
DA:250,0
DA:251,0
DA:252,0
DA:264,0
DA:265,0
DA:268,0
DA:269,0
DA:270,0
DA:271,0
DA:272,0
DA:273,0
DA:274,0
DA:275,0
DA:276,0
DA:277,0
DA:278,0
DA:279,0
DA:281,0
DA:284,0
DA:285,0
DA:286,0
DA:288,0
DA:289,0
DA:291,0
DA:292,0
DA:293,0
DA:294,0
DA:295,0
DA:296,0
DA:297,0
DA:298,0
DA:310,0
DA:311,0
DA:314,0
DA:315,0
DA:316,0
DA:317,0
DA:318,0
DA:319,0
DA:320,0
DA:321,0
DA:322,0
DA:323,0
DA:324,0
DA:325,0
DA:326,0
DA:327,0
DA:329,0
DA:332,0
DA:333,0
DA:334,0
DA:336,0
DA:337,0
DA:339,0
DA:340,0
DA:341,0
DA:342,0
DA:343,0
DA:344,0
DA:345,0
DA:346,0
DA:358,0
DA:359,0
DA:361,0
DA:362,0
DA:363,0
DA:364,0
DA:365,0
DA:366,0
DA:367,0
DA:369,0
DA:371,0
DA:373,0
DA:374,0
DA:375,0
DA:377,0
DA:380,0
DA:381,0
DA:386,0
DA:387,0
DA:388,0
DA:400,1
DA:401,1
DA:402,1
DA:403,1
DA:404,1
DA:405,1
DA:406,1
DA:407,1
DA:410,1
DA:411,1
DA:412,1
DA:413,1
DA:414,1
DA:415,1
DA:419,1
DA:420,1
DA:421,1
DA:422,1
DA:423,1
DA:424,1
DA:425,1
DA:426,1
DA:428,1
DA:429,1
DA:431,1
DA:432,1
DA:433,1
DA:434,1
DA:438,1
DA:439,1
DA:440,1
DA:441,1
DA:442,1
DA:443,1
DA:444,1
DA:445,1
DA:446,1
DA:448,1
DA:449,1
DA:450,1
DA:451,1
DA:452,1
DA:453,1
DA:454,1
DA:455,1
DA:456,1
DA:457,1
DA:458,1
DA:466,1
DA:467,1
DA:468,1
DA:469,1
DA:470,1
DA:471,1
DA:472,1
DA:473,1
DA:475,1
DA:476,1
DA:477,1
DA:478,1
DA:479,1
DA:480,1
DA:484,1
DA:485,1
DA:486,1
DA:487,1
DA:488,1
DA:489,1
DA:490,1
DA:491,1
DA:493,1
DA:494,1
DA:496,1
DA:497,1
DA:498,1
DA:499,1
DA:503,1
DA:504,1
DA:505,1
DA:506,1
DA:507,1
DA:508,1
DA:509,1
DA:510,1
DA:511,1
DA:513,1
DA:514,1
DA:515,1
DA:516,1
DA:517,1
DA:518,1
DA:519,1
DA:520,1
DA:522,1
DA:523,1
DA:524,1
DA:525,1
DA:526,1
DA:527,1
DA:528,1
DA:529,1
DA:530,1
BRF:0
BRH:0
LF:278
LH:102
end_of_record